14-Mar-2026 00:45:19.268 INFO [main] org.apache.catalina.startup.VersionLoggerListener.log Server version name:   Apache Tomcat/11.0.18
14-Mar-2026 00:45:19.274 INFO [main] org.apache.catalina.startup.VersionLoggerListener.log Server built:          Jan 23 2026 10:22:57 UTC
14-Mar-2026 00:45:19.275 INFO [main] org.apache.catalina.startup.VersionLoggerListener.log Server version number: 11.0.18.0
14-Mar-2026 00:45:19.276 INFO [main] org.apache.catalina.startup.VersionLoggerListener.log OS Name:               Windows 11
14-Mar-2026 00:45:19.278 INFO [main] org.apache.catalina.startup.VersionLoggerListener.log OS Version:            10.0
14-Mar-2026 00:45:19.279 INFO [main] org.apache.catalina.startup.VersionLoggerListener.log Architecture:          amd64
14-Mar-2026 00:45:19.280 INFO [main] org.apache.catalina.startup.VersionLoggerListener.log Java Home:             D:\jdk-25
14-Mar-2026 00:45:19.281 INFO [main] org.apache.catalina.startup.VersionLoggerListener.log JVM Version:           25.0.2+10-LTS-69
14-Mar-2026 00:45:19.283 INFO [main] org.apache.catalina.startup.VersionLoggerListener.log JVM Vendor:            Oracle Corporation
14-Mar-2026 00:45:19.286 INFO [main] org.apache.catalina.startup.VersionLoggerListener.log CATALINA_BASE:         C:\Users\ASUS\Desktop\Hoctap\IM2073WebProj\tomcat
14-Mar-2026 00:45:19.287 INFO [main] org.apache.catalina.startup.VersionLoggerListener.log CATALINA_HOME:         C:\Users\ASUS\Desktop\Hoctap\IM2073WebProj\tomcat
14-Mar-2026 00:45:19.438 INFO [main] org.apache.catalina.startup.VersionLoggerListener.log Command line argument: -Djava.util.logging.config.file=C:\Users\ASUS\Desktop\Hoctap\IM2073WebProj\tomcat\conf\logging.properties
14-Mar-2026 00:45:19.441 INFO [main] org.apache.catalina.startup.VersionLoggerListener.log Command line argument: -Djava.util.logging.manager=org.apache.juli.ClassLoaderLogManager
14-Mar-2026 00:45:19.442 INFO [main] org.apache.catalina.startup.VersionLoggerListener.log Command line argument: -Djdk.tls.ephemeralDHKeySize=2048
14-Mar-2026 00:45:19.443 INFO [main] org.apache.catalina.startup.VersionLoggerListener.log Command line argument: --add-opens=java.base/java.lang=ALL-UNNAMED
14-Mar-2026 00:45:19.444 INFO [main] org.apache.catalina.startup.VersionLoggerListener.log Command line argument: --add-opens=java.base/java.lang.reflect=ALL-UNNAMED
14-Mar-2026 00:45:19.444 INFO [main] org.apache.catalina.startup.VersionLoggerListener.log Command line argument: --add-opens=java.base/java.io=ALL-UNNAMED
14-Mar-2026 00:45:19.446 INFO [main] org.apache.catalina.startup.VersionLoggerListener.log Command line argument: --add-opens=java.base/java.util=ALL-UNNAMED
14-Mar-2026 00:45:19.446 INFO [main] org.apache.catalina.startup.VersionLoggerListener.log Command line argument: --add-opens=java.base/java.util.concurrent=ALL-UNNAMED
14-Mar-2026 00:45:19.447 INFO [main] org.apache.catalina.startup.VersionLoggerListener.log Command line argument: --add-opens=java.rmi/sun.rmi.transport=ALL-UNNAMED
14-Mar-2026 00:45:19.448 INFO [main] org.apache.catalina.startup.VersionLoggerListener.log Command line argument: --enable-native-access=ALL-UNNAMED
14-Mar-2026 00:45:19.449 INFO [main] org.apache.catalina.startup.VersionLoggerListener.log Command line argument: -Dcatalina.base=C:\Users\ASUS\Desktop\Hoctap\IM2073WebProj\tomcat
14-Mar-2026 00:45:19.449 INFO [main] org.apache.catalina.startup.VersionLoggerListener.log Command line argument: -Dcatalina.home=C:\Users\ASUS\Desktop\Hoctap\IM2073WebProj\tomcat
14-Mar-2026 00:45:19.449 INFO [main] org.apache.catalina.startup.VersionLoggerListener.log Command line argument: -Djava.io.tmpdir=C:\Users\ASUS\Desktop\Hoctap\IM2073WebProj\tomcat\temp
14-Mar-2026 00:45:19.469 INFO [main] org.apache.catalina.core.AprLifecycleListener.lifecycleEvent The Apache Tomcat Native library which allows using OpenSSL was not found on the java.library.path: [D:\jdk-25\bin;C:\WINDOWS\Sun\Java\bin;C:\WINDOWS\system32;C:\WINDOWS;C:\Program Files\PlasticSCM5\server;C:\Program Files\PlasticSCM5\client;C:\Program Files\Common Files\Oracle\Java\javapath;C:\Program Files\Eclipse Adoptium\jdk-17.0.13.11-hotspot\bin;C:\Windows\system32;C:\Windows;C:\Windows\System32\Wbem;C:\Windows\System32\WindowsPowerShell\v1.0\;C:\Windows\System32\OpenSSH\;C:\Program Files (x86)\NVIDIA Corporation\PhysX\Common;C:\Program Files\NVIDIA Corporation\NVIDIA NvDLISR;C:\Program Files\dotnet\;D:\Python 3;D:\Python 3\Scripts;C:\Program Files\PuTTY\;C:\WINDOWS\system32;C:\WINDOWS;C:\WINDOWS\System32\Wbem;C:\WINDOWS\System32\WindowsPowerShell\v1.0\;C:\WINDOWS\System32\OpenSSH\;C:\Program Files (x86)\Windows Kits\10\Windows Performance Toolkit\;D:\Git\Git\cmd;C:\Users\ASUS\AppData\Local\nvm;C:\nvm4w\nodejs;C:\Users\ASUS\AppData\Local\Microsoft\WindowsApps;C:\msys64\ucrt64\bin;C:\Users\ASUS\AppData\Local\Programs\Microsoft VS Code\bin;D:\Pycharm\PyCharm 2024.2.1\bin;;C:\Program Files\cmake-4.2.1-windows-x86_64\bin;D:\jdk-25\bin;C:\Users\ASUS\AppData\Roaming\npm;C:\Users\ASUS\.dotnet\tools;C:\Users\ASUS\AppData\Local\GitHubDesktop\bin;D:\Git\Git\bin;C:\Users\ASUS\AppData\Local\nvm;C:\nvm4w\nodejs;.]
14-Mar-2026 00:45:20.061 INFO [main] org.apache.coyote.AbstractProtocol.init Initializing ProtocolHandler ["http-nio-9999"]
14-Mar-2026 00:45:20.169 INFO [main] org.apache.catalina.startup.Catalina.load Server initialization in [1340] milliseconds
14-Mar-2026 00:45:20.284 INFO [main] org.apache.catalina.core.StandardService.startInternal Starting service [Catalina]
14-Mar-2026 00:45:20.286 INFO [main] org.apache.catalina.core.StandardEngine.startInternal Starting Servlet engine: [Apache Tomcat/11.0.18]
14-Mar-2026 00:45:20.307 INFO [main] org.apache.catalina.startup.HostConfig.deployDirectory Deploying web application directory [C:\Users\ASUS\Desktop\Hoctap\IM2073WebProj\tomcat\webapps\docs]
14-Mar-2026 00:45:21.345 INFO [main] org.apache.jasper.servlet.TldScanner.scanJars At least one JAR was scanned for TLDs yet contained no TLDs. Enable debug logging for this logger for a complete list of JARs that were scanned but no TLDs were found in them. Skipping unneeded JARs during scanning can improve startup time and JSP compilation time.
14-Mar-2026 00:45:21.420 INFO [main] org.apache.catalina.startup.HostConfig.deployDirectory Deployment of web application directory [C:\Users\ASUS\Desktop\Hoctap\IM2073WebProj\tomcat\webapps\docs] has finished in [1,109] ms
14-Mar-2026 00:45:21.421 INFO [main] org.apache.catalina.startup.HostConfig.deployDirectory Deploying web application directory [C:\Users\ASUS\Desktop\Hoctap\IM2073WebProj\tomcat\webapps\ebookshop]
14-Mar-2026 00:45:21.894 INFO [main] org.apache.jasper.servlet.TldScanner.scanJars At least one JAR was scanned for TLDs yet contained no TLDs. Enable debug logging for this logger for a complete list of JARs that were scanned but no TLDs were found in them. Skipping unneeded JARs during scanning can improve startup time and JSP compilation time.
14-Mar-2026 00:45:21.903 INFO [main] org.apache.catalina.startup.HostConfig.deployDirectory Deployment of web application directory [C:\Users\ASUS\Desktop\Hoctap\IM2073WebProj\tomcat\webapps\ebookshop] has finished in [482] ms
14-Mar-2026 00:45:21.905 INFO [main] org.apache.catalina.startup.HostConfig.deployDirectory Deploying web application directory [C:\Users\ASUS\Desktop\Hoctap\IM2073WebProj\tomcat\webapps\examples]
14-Mar-2026 00:45:26.544 INFO [main] org.apache.jasper.servlet.TldScanner.scanJars At least one JAR was scanned for TLDs yet contained no TLDs. Enable debug logging for this logger for a complete list of JARs that were scanned but no TLDs were found in them. Skipping unneeded JARs during scanning can improve startup time and JSP compilation time.
14-Mar-2026 00:45:26.762 INFO [main] org.apache.catalina.startup.HostConfig.deployDirectory Deployment of web application directory [C:\Users\ASUS\Desktop\Hoctap\IM2073WebProj\tomcat\webapps\examples] has finished in [4,858] ms
14-Mar-2026 00:45:26.763 INFO [main] org.apache.catalina.startup.HostConfig.deployDirectory Deploying web application directory [C:\Users\ASUS\Desktop\Hoctap\IM2073WebProj\tomcat\webapps\hello]
14-Mar-2026 00:45:27.536 INFO [main] org.apache.jasper.servlet.TldScanner.scanJars At least one JAR was scanned for TLDs yet contained no TLDs. Enable debug logging for this logger for a complete list of JARs that were scanned but no TLDs were found in them. Skipping unneeded JARs during scanning can improve startup time and JSP compilation time.
14-Mar-2026 00:45:27.543 INFO [main] org.apache.catalina.startup.HostConfig.deployDirectory Deployment of web application directory [C:\Users\ASUS\Desktop\Hoctap\IM2073WebProj\tomcat\webapps\hello] has finished in [780] ms
14-Mar-2026 00:45:27.544 INFO [main] org.apache.catalina.startup.HostConfig.deployDirectory Deploying web application directory [C:\Users\ASUS\Desktop\Hoctap\IM2073WebProj\tomcat\webapps\host-manager]
14-Mar-2026 00:45:28.693 INFO [main] org.apache.jasper.servlet.TldScanner.scanJars At least one JAR was scanned for TLDs yet contained no TLDs. Enable debug logging for this logger for a complete list of JARs that were scanned but no TLDs were found in them. Skipping unneeded JARs during scanning can improve startup time and JSP compilation time.
14-Mar-2026 00:45:28.728 INFO [main] org.apache.catalina.startup.HostConfig.deployDirectory Deployment of web application directory [C:\Users\ASUS\Desktop\Hoctap\IM2073WebProj\tomcat\webapps\host-manager] has finished in [1,184] ms
14-Mar-2026 00:45:28.729 INFO [main] org.apache.catalina.startup.HostConfig.deployDirectory Deploying web application directory [C:\Users\ASUS\Desktop\Hoctap\IM2073WebProj\tomcat\webapps\manager]
14-Mar-2026 00:45:29.896 INFO [main] org.apache.jasper.servlet.TldScanner.scanJars At least one JAR was scanned for TLDs yet contained no TLDs. Enable debug logging for this logger for a complete list of JARs that were scanned but no TLDs were found in them. Skipping unneeded JARs during scanning can improve startup time and JSP compilation time.
14-Mar-2026 00:45:29.908 INFO [main] org.apache.catalina.startup.HostConfig.deployDirectory Deployment of web application directory [C:\Users\ASUS\Desktop\Hoctap\IM2073WebProj\tomcat\webapps\manager] has finished in [1,179] ms
14-Mar-2026 00:45:29.909 INFO [main] org.apache.catalina.startup.HostConfig.deployDirectory Deploying web application directory [C:\Users\ASUS\Desktop\Hoctap\IM2073WebProj\tomcat\webapps\ROOT]
14-Mar-2026 00:45:30.938 INFO [main] org.apache.jasper.servlet.TldScanner.scanJars At least one JAR was scanned for TLDs yet contained no TLDs. Enable debug logging for this logger for a complete list of JARs that were scanned but no TLDs were found in them. Skipping unneeded JARs during scanning can improve startup time and JSP compilation time.
14-Mar-2026 00:45:30.945 INFO [main] org.apache.catalina.startup.HostConfig.deployDirectory Deployment of web application directory [C:\Users\ASUS\Desktop\Hoctap\IM2073WebProj\tomcat\webapps\ROOT] has finished in [1,036] ms
14-Mar-2026 00:45:30.949 INFO [main] org.apache.coyote.AbstractProtocol.start Starting ProtocolHandler ["http-nio-9999"]
14-Mar-2026 00:45:31.045 INFO [main] org.apache.catalina.startup.Catalina.start Server startup in [10870] milliseconds
14-Mar-2026 00:58:14.192 INFO [Thread-1] org.apache.coyote.AbstractProtocol.pause Pausing ProtocolHandler ["http-nio-9999"]
14-Mar-2026 00:58:14.201 INFO [Thread-1] org.apache.catalina.core.StandardService.stopInternal Stopping service [Catalina]
14-Mar-2026 00:58:14.228 INFO [Thread-1] org.apache.coyote.AbstractProtocol.stop Stopping ProtocolHandler ["http-nio-9999"]
14-Mar-2026 00:58:14.234 INFO [Thread-1] org.apache.coyote.AbstractProtocol.destroy Destroying ProtocolHandler ["http-nio-9999"]
14-Mar-2026 14:21:41.344 INFO [main] org.apache.catalina.startup.VersionLoggerListener.log Server version name:   Apache Tomcat/11.0.18
14-Mar-2026 14:21:41.349 INFO [main] org.apache.catalina.startup.VersionLoggerListener.log Server built:          Jan 23 2026 10:22:57 UTC
14-Mar-2026 14:21:41.351 INFO [main] org.apache.catalina.startup.VersionLoggerListener.log Server version number: 11.0.18.0
14-Mar-2026 14:21:41.352 INFO [main] org.apache.catalina.startup.VersionLoggerListener.log OS Name:               Windows 11
14-Mar-2026 14:21:41.352 INFO [main] org.apache.catalina.startup.VersionLoggerListener.log OS Version:            10.0
14-Mar-2026 14:21:41.353 INFO [main] org.apache.catalina.startup.VersionLoggerListener.log Architecture:          amd64
14-Mar-2026 14:21:41.353 INFO [main] org.apache.catalina.startup.VersionLoggerListener.log Java Home:             D:\jdk-25
14-Mar-2026 14:21:41.354 INFO [main] org.apache.catalina.startup.VersionLoggerListener.log JVM Version:           25.0.2+10-LTS-69
14-Mar-2026 14:21:41.354 INFO [main] org.apache.catalina.startup.VersionLoggerListener.log JVM Vendor:            Oracle Corporation
14-Mar-2026 14:21:41.354 INFO [main] org.apache.catalina.startup.VersionLoggerListener.log CATALINA_BASE:         C:\Users\ASUS\Desktop\Hoctap\IM2073WebProj\tomcat
14-Mar-2026 14:21:41.354 INFO [main] org.apache.catalina.startup.VersionLoggerListener.log CATALINA_HOME:         C:\Users\ASUS\Desktop\Hoctap\IM2073WebProj\tomcat
14-Mar-2026 14:21:41.500 INFO [main] org.apache.catalina.startup.VersionLoggerListener.log Command line argument: -Djava.util.logging.config.file=C:\Users\ASUS\Desktop\Hoctap\IM2073WebProj\tomcat\conf\logging.properties
14-Mar-2026 14:21:41.501 INFO [main] org.apache.catalina.startup.VersionLoggerListener.log Command line argument: -Djava.util.logging.manager=org.apache.juli.ClassLoaderLogManager
14-Mar-2026 14:21:41.502 INFO [main] org.apache.catalina.startup.VersionLoggerListener.log Command line argument: -Djdk.tls.ephemeralDHKeySize=2048
14-Mar-2026 14:21:41.502 INFO [main] org.apache.catalina.startup.VersionLoggerListener.log Command line argument: --add-opens=java.base/java.lang=ALL-UNNAMED
14-Mar-2026 14:21:41.503 INFO [main] org.apache.catalina.startup.VersionLoggerListener.log Command line argument: --add-opens=java.base/java.lang.reflect=ALL-UNNAMED
14-Mar-2026 14:21:41.504 INFO [main] org.apache.catalina.startup.VersionLoggerListener.log Command line argument: --add-opens=java.base/java.io=ALL-UNNAMED
14-Mar-2026 14:21:41.504 INFO [main] org.apache.catalina.startup.VersionLoggerListener.log Command line argument: --add-opens=java.base/java.util=ALL-UNNAMED
14-Mar-2026 14:21:41.505 INFO [main] org.apache.catalina.startup.VersionLoggerListener.log Command line argument: --add-opens=java.base/java.util.concurrent=ALL-UNNAMED
14-Mar-2026 14:21:41.505 INFO [main] org.apache.catalina.startup.VersionLoggerListener.log Command line argument: --add-opens=java.rmi/sun.rmi.transport=ALL-UNNAMED
14-Mar-2026 14:21:41.506 INFO [main] org.apache.catalina.startup.VersionLoggerListener.log Command line argument: --enable-native-access=ALL-UNNAMED
14-Mar-2026 14:21:41.508 INFO [main] org.apache.catalina.startup.VersionLoggerListener.log Command line argument: -Dcatalina.base=C:\Users\ASUS\Desktop\Hoctap\IM2073WebProj\tomcat
14-Mar-2026 14:21:41.508 INFO [main] org.apache.catalina.startup.VersionLoggerListener.log Command line argument: -Dcatalina.home=C:\Users\ASUS\Desktop\Hoctap\IM2073WebProj\tomcat
14-Mar-2026 14:21:41.509 INFO [main] org.apache.catalina.startup.VersionLoggerListener.log Command line argument: -Djava.io.tmpdir=C:\Users\ASUS\Desktop\Hoctap\IM2073WebProj\tomcat\temp
14-Mar-2026 14:21:41.528 INFO [main] org.apache.catalina.core.AprLifecycleListener.lifecycleEvent The Apache Tomcat Native library which allows using OpenSSL was not found on the java.library.path: [D:\jdk-25\bin;C:\WINDOWS\Sun\Java\bin;C:\WINDOWS\system32;C:\WINDOWS;C:\Program Files\PlasticSCM5\server;C:\Program Files\PlasticSCM5\client;C:\Program Files\Common Files\Oracle\Java\javapath;C:\Program Files\Eclipse Adoptium\jdk-17.0.13.11-hotspot\bin;C:\Windows\system32;C:\Windows;C:\Windows\System32\Wbem;C:\Windows\System32\WindowsPowerShell\v1.0\;C:\Windows\System32\OpenSSH\;C:\Program Files (x86)\NVIDIA Corporation\PhysX\Common;C:\Program Files\NVIDIA Corporation\NVIDIA NvDLISR;C:\Program Files\dotnet\;D:\Python 3;D:\Python 3\Scripts;C:\Program Files\PuTTY\;C:\WINDOWS\system32;C:\WINDOWS;C:\WINDOWS\System32\Wbem;C:\WINDOWS\System32\WindowsPowerShell\v1.0\;C:\WINDOWS\System32\OpenSSH\;C:\Program Files (x86)\Windows Kits\10\Windows Performance Toolkit\;D:\Git\Git\cmd;%NVM_HOME%;%NVM_SYMLINK%;C:\Users\ASUS\AppData\Local\Microsoft\WindowsApps;C:\msys64\ucrt64\bin;C:\Users\ASUS\AppData\Local\Programs\Microsoft VS Code\bin;D:\Pycharm\PyCharm 2024.2.1\bin;;C:\Program Files\cmake-4.2.1-windows-x86_64\bin;D:\jdk-25\bin;C:\Users\ASUS\AppData\Roaming\npm;C:\Users\ASUS\.dotnet\tools;C:\Users\ASUS\AppData\Local\GitHubDesktop\bin;D:\Git\Git\bin;C:\Users\ASUS\AppData\Local\nvm;C:\nvm4w\nodejs;.]
14-Mar-2026 14:21:41.906 INFO [main] org.apache.coyote.AbstractProtocol.init Initializing ProtocolHandler ["http-nio-9999"]
14-Mar-2026 14:21:41.979 INFO [main] org.apache.catalina.startup.Catalina.load Server initialization in [955] milliseconds
14-Mar-2026 14:21:42.033 INFO [main] org.apache.catalina.core.StandardService.startInternal Starting service [Catalina]
14-Mar-2026 14:21:42.038 INFO [main] org.apache.catalina.core.StandardEngine.startInternal Starting Servlet engine: [Apache Tomcat/11.0.18]
14-Mar-2026 14:21:42.051 INFO [main] org.apache.catalina.startup.HostConfig.deployDirectory Deploying web application directory [C:\Users\ASUS\Desktop\Hoctap\IM2073WebProj\tomcat\webapps\docs]
14-Mar-2026 14:21:42.913 INFO [main] org.apache.jasper.servlet.TldScanner.scanJars At least one JAR was scanned for TLDs yet contained no TLDs. Enable debug logging for this logger for a complete list of JARs that were scanned but no TLDs were found in them. Skipping unneeded JARs during scanning can improve startup time and JSP compilation time.
14-Mar-2026 14:21:43.027 INFO [main] org.apache.catalina.startup.HostConfig.deployDirectory Deployment of web application directory [C:\Users\ASUS\Desktop\Hoctap\IM2073WebProj\tomcat\webapps\docs] has finished in [971] ms
14-Mar-2026 14:21:43.027 INFO [main] org.apache.catalina.startup.HostConfig.deployDirectory Deploying web application directory [C:\Users\ASUS\Desktop\Hoctap\IM2073WebProj\tomcat\webapps\ebookshop]
14-Mar-2026 14:21:43.691 INFO [main] org.apache.jasper.servlet.TldScanner.scanJars At least one JAR was scanned for TLDs yet contained no TLDs. Enable debug logging for this logger for a complete list of JARs that were scanned but no TLDs were found in them. Skipping unneeded JARs during scanning can improve startup time and JSP compilation time.
14-Mar-2026 14:21:43.705 INFO [main] org.apache.catalina.startup.HostConfig.deployDirectory Deployment of web application directory [C:\Users\ASUS\Desktop\Hoctap\IM2073WebProj\tomcat\webapps\ebookshop] has finished in [678] ms
14-Mar-2026 14:21:43.706 INFO [main] org.apache.catalina.startup.HostConfig.deployDirectory Deploying web application directory [C:\Users\ASUS\Desktop\Hoctap\IM2073WebProj\tomcat\webapps\examples]
14-Mar-2026 14:21:47.049 INFO [main] org.apache.jasper.servlet.TldScanner.scanJars At least one JAR was scanned for TLDs yet contained no TLDs. Enable debug logging for this logger for a complete list of JARs that were scanned but no TLDs were found in them. Skipping unneeded JARs during scanning can improve startup time and JSP compilation time.
14-Mar-2026 14:21:47.153 INFO [main] org.apache.catalina.startup.HostConfig.deployDirectory Deployment of web application directory [C:\Users\ASUS\Desktop\Hoctap\IM2073WebProj\tomcat\webapps\examples] has finished in [3,447] ms
14-Mar-2026 14:21:47.154 INFO [main] org.apache.catalina.startup.HostConfig.deployDirectory Deploying web application directory [C:\Users\ASUS\Desktop\Hoctap\IM2073WebProj\tomcat\webapps\hello]
14-Mar-2026 14:21:47.620 INFO [main] org.apache.jasper.servlet.TldScanner.scanJars At least one JAR was scanned for TLDs yet contained no TLDs. Enable debug logging for this logger for a complete list of JARs that were scanned but no TLDs were found in them. Skipping unneeded JARs during scanning can improve startup time and JSP compilation time.
14-Mar-2026 14:21:47.626 INFO [main] org.apache.catalina.startup.HostConfig.deployDirectory Deployment of web application directory [C:\Users\ASUS\Desktop\Hoctap\IM2073WebProj\tomcat\webapps\hello] has finished in [472] ms
14-Mar-2026 14:21:47.627 INFO [main] org.apache.catalina.startup.HostConfig.deployDirectory Deploying web application directory [C:\Users\ASUS\Desktop\Hoctap\IM2073WebProj\tomcat\webapps\host-manager]
14-Mar-2026 14:21:47.969 INFO [main] org.apache.jasper.servlet.TldScanner.scanJars At least one JAR was scanned for TLDs yet contained no TLDs. Enable debug logging for this logger for a complete list of JARs that were scanned but no TLDs were found in them. Skipping unneeded JARs during scanning can improve startup time and JSP compilation time.
14-Mar-2026 14:21:47.979 INFO [main] org.apache.catalina.startup.HostConfig.deployDirectory Deployment of web application directory [C:\Users\ASUS\Desktop\Hoctap\IM2073WebProj\tomcat\webapps\host-manager] has finished in [352] ms
14-Mar-2026 14:21:47.979 INFO [main] org.apache.catalina.startup.HostConfig.deployDirectory Deploying web application directory [C:\Users\ASUS\Desktop\Hoctap\IM2073WebProj\tomcat\webapps\manager]
14-Mar-2026 14:21:48.292 INFO [main] org.apache.jasper.servlet.TldScanner.scanJars At least one JAR was scanned for TLDs yet contained no TLDs. Enable debug logging for this logger for a complete list of JARs that were scanned but no TLDs were found in them. Skipping unneeded JARs during scanning can improve startup time and JSP compilation time.
14-Mar-2026 14:21:48.297 INFO [main] org.apache.catalina.startup.HostConfig.deployDirectory Deployment of web application directory [C:\Users\ASUS\Desktop\Hoctap\IM2073WebProj\tomcat\webapps\manager] has finished in [318] ms
14-Mar-2026 14:21:48.297 INFO [main] org.apache.catalina.startup.HostConfig.deployDirectory Deploying web application directory [C:\Users\ASUS\Desktop\Hoctap\IM2073WebProj\tomcat\webapps\ROOT]
14-Mar-2026 14:21:48.668 INFO [main] org.apache.jasper.servlet.TldScanner.scanJars At least one JAR was scanned for TLDs yet contained no TLDs. Enable debug logging for this logger for a complete list of JARs that were scanned but no TLDs were found in them. Skipping unneeded JARs during scanning can improve startup time and JSP compilation time.
14-Mar-2026 14:21:48.674 INFO [main] org.apache.catalina.startup.HostConfig.deployDirectory Deployment of web application directory [C:\Users\ASUS\Desktop\Hoctap\IM2073WebProj\tomcat\webapps\ROOT] has finished in [377] ms
14-Mar-2026 14:21:48.676 INFO [main] org.apache.coyote.AbstractProtocol.start Starting ProtocolHandler ["http-nio-9999"]
14-Mar-2026 14:21:48.728 INFO [main] org.apache.catalina.startup.Catalina.start Server startup in [6746] milliseconds
14-Mar-2026 15:20:52.701 INFO [Thread-1] org.apache.coyote.AbstractProtocol.pause Pausing ProtocolHandler ["http-nio-9999"]
14-Mar-2026 15:20:52.738 INFO [Thread-1] org.apache.catalina.core.StandardService.stopInternal Stopping service [Catalina]
14-Mar-2026 15:20:52.799 INFO [Thread-1] org.apache.coyote.AbstractProtocol.stop Stopping ProtocolHandler ["http-nio-9999"]
14-Mar-2026 15:20:52.813 INFO [Thread-1] org.apache.coyote.AbstractProtocol.destroy Destroying ProtocolHandler ["http-nio-9999"]
14-Mar-2026 15:47:59.426 INFO [main] org.apache.catalina.startup.VersionLoggerListener.log Server version name:   Apache Tomcat/11.0.18
14-Mar-2026 15:47:59.428 INFO [main] org.apache.catalina.startup.VersionLoggerListener.log Server built:          Jan 23 2026 10:22:57 UTC
14-Mar-2026 15:47:59.428 INFO [main] org.apache.catalina.startup.VersionLoggerListener.log Server version number: 11.0.18.0
14-Mar-2026 15:47:59.429 INFO [main] org.apache.catalina.startup.VersionLoggerListener.log OS Name:               Windows 11
14-Mar-2026 15:47:59.429 INFO [main] org.apache.catalina.startup.VersionLoggerListener.log OS Version:            10.0
14-Mar-2026 15:47:59.429 INFO [main] org.apache.catalina.startup.VersionLoggerListener.log Architecture:          amd64
14-Mar-2026 15:47:59.429 INFO [main] org.apache.catalina.startup.VersionLoggerListener.log Java Home:             D:\jdk-25
14-Mar-2026 15:47:59.430 INFO [main] org.apache.catalina.startup.VersionLoggerListener.log JVM Version:           25.0.2+10-LTS-69
14-Mar-2026 15:47:59.430 INFO [main] org.apache.catalina.startup.VersionLoggerListener.log JVM Vendor:            Oracle Corporation
14-Mar-2026 15:47:59.430 INFO [main] org.apache.catalina.startup.VersionLoggerListener.log CATALINA_BASE:         C:\Users\ASUS\Desktop\Hoctap\IM2073WebProj\tomcat
14-Mar-2026 15:47:59.431 INFO [main] org.apache.catalina.startup.VersionLoggerListener.log CATALINA_HOME:         C:\Users\ASUS\Desktop\Hoctap\IM2073WebProj\tomcat
14-Mar-2026 15:47:59.444 INFO [main] org.apache.catalina.startup.VersionLoggerListener.log Command line argument: -Djava.util.logging.config.file=C:\Users\ASUS\Desktop\Hoctap\IM2073WebProj\tomcat\conf\logging.properties
14-Mar-2026 15:47:59.445 INFO [main] org.apache.catalina.startup.VersionLoggerListener.log Command line argument: -Djava.util.logging.manager=org.apache.juli.ClassLoaderLogManager
14-Mar-2026 15:47:59.445 INFO [main] org.apache.catalina.startup.VersionLoggerListener.log Command line argument: -Djdk.tls.ephemeralDHKeySize=2048
14-Mar-2026 15:47:59.445 INFO [main] org.apache.catalina.startup.VersionLoggerListener.log Command line argument: --add-opens=java.base/java.lang=ALL-UNNAMED
14-Mar-2026 15:47:59.446 INFO [main] org.apache.catalina.startup.VersionLoggerListener.log Command line argument: --add-opens=java.base/java.lang.reflect=ALL-UNNAMED
14-Mar-2026 15:47:59.446 INFO [main] org.apache.catalina.startup.VersionLoggerListener.log Command line argument: --add-opens=java.base/java.io=ALL-UNNAMED
14-Mar-2026 15:47:59.446 INFO [main] org.apache.catalina.startup.VersionLoggerListener.log Command line argument: --add-opens=java.base/java.util=ALL-UNNAMED
14-Mar-2026 15:47:59.446 INFO [main] org.apache.catalina.startup.VersionLoggerListener.log Command line argument: --add-opens=java.base/java.util.concurrent=ALL-UNNAMED
14-Mar-2026 15:47:59.446 INFO [main] org.apache.catalina.startup.VersionLoggerListener.log Command line argument: --add-opens=java.rmi/sun.rmi.transport=ALL-UNNAMED
14-Mar-2026 15:47:59.446 INFO [main] org.apache.catalina.startup.VersionLoggerListener.log Command line argument: --enable-native-access=ALL-UNNAMED
14-Mar-2026 15:47:59.446 INFO [main] org.apache.catalina.startup.VersionLoggerListener.log Command line argument: -Dcatalina.base=C:\Users\ASUS\Desktop\Hoctap\IM2073WebProj\tomcat
14-Mar-2026 15:47:59.447 INFO [main] org.apache.catalina.startup.VersionLoggerListener.log Command line argument: -Dcatalina.home=C:\Users\ASUS\Desktop\Hoctap\IM2073WebProj\tomcat
14-Mar-2026 15:47:59.447 INFO [main] org.apache.catalina.startup.VersionLoggerListener.log Command line argument: -Djava.io.tmpdir=C:\Users\ASUS\Desktop\Hoctap\IM2073WebProj\tomcat\temp
14-Mar-2026 15:47:59.454 INFO [main] org.apache.catalina.core.AprLifecycleListener.lifecycleEvent The Apache Tomcat Native library which allows using OpenSSL was not found on the java.library.path: [D:\jdk-25\bin;C:\WINDOWS\Sun\Java\bin;C:\WINDOWS\system32;C:\WINDOWS;C:\Program Files\PlasticSCM5\server;C:\Program Files\PlasticSCM5\client;C:\Program Files\Common Files\Oracle\Java\javapath;C:\Program Files\Eclipse Adoptium\jdk-17.0.13.11-hotspot\bin;C:\Windows\system32;C:\Windows;C:\Windows\System32\Wbem;C:\Windows\System32\WindowsPowerShell\v1.0\;C:\Windows\System32\OpenSSH\;C:\Program Files (x86)\NVIDIA Corporation\PhysX\Common;C:\Program Files\NVIDIA Corporation\NVIDIA NvDLISR;C:\Program Files\dotnet\;D:\Python 3;D:\Python 3\Scripts;C:\Program Files\PuTTY\;C:\WINDOWS\system32;C:\WINDOWS;C:\WINDOWS\System32\Wbem;C:\WINDOWS\System32\WindowsPowerShell\v1.0\;C:\WINDOWS\System32\OpenSSH\;C:\Program Files (x86)\Windows Kits\10\Windows Performance Toolkit\;D:\Git\Git\cmd;%NVM_HOME%;%NVM_SYMLINK%;C:\Users\ASUS\AppData\Local\Microsoft\WindowsApps;C:\msys64\ucrt64\bin;C:\Users\ASUS\AppData\Local\Programs\Microsoft VS Code\bin;D:\Pycharm\PyCharm 2024.2.1\bin;;C:\Program Files\cmake-4.2.1-windows-x86_64\bin;D:\jdk-25\bin;C:\Users\ASUS\AppData\Roaming\npm;C:\Users\ASUS\.dotnet\tools;C:\Users\ASUS\AppData\Local\GitHubDesktop\bin;D:\Git\Git\bin;C:\Users\ASUS\AppData\Local\nvm;C:\nvm4w\nodejs;.]
14-Mar-2026 15:47:59.667 INFO [main] org.apache.coyote.AbstractProtocol.init Initializing ProtocolHandler ["http-nio-9999"]
14-Mar-2026 15:47:59.692 INFO [main] org.apache.catalina.startup.Catalina.load Server initialization in [423] milliseconds
14-Mar-2026 15:47:59.729 INFO [main] org.apache.catalina.core.StandardService.startInternal Starting service [Catalina]
14-Mar-2026 15:47:59.729 INFO [main] org.apache.catalina.core.StandardEngine.startInternal Starting Servlet engine: [Apache Tomcat/11.0.18]
14-Mar-2026 15:47:59.738 INFO [main] org.apache.catalina.startup.HostConfig.deployDirectory Deploying web application directory [C:\Users\ASUS\Desktop\Hoctap\IM2073WebProj\tomcat\webapps\docs]
14-Mar-2026 15:48:00.272 INFO [main] org.apache.jasper.servlet.TldScanner.scanJars At least one JAR was scanned for TLDs yet contained no TLDs. Enable debug logging for this logger for a complete list of JARs that were scanned but no TLDs were found in them. Skipping unneeded JARs during scanning can improve startup time and JSP compilation time.
14-Mar-2026 15:48:00.329 INFO [main] org.apache.catalina.startup.HostConfig.deployDirectory Deployment of web application directory [C:\Users\ASUS\Desktop\Hoctap\IM2073WebProj\tomcat\webapps\docs] has finished in [588] ms
14-Mar-2026 15:48:00.330 INFO [main] org.apache.catalina.startup.HostConfig.deployDirectory Deploying web application directory [C:\Users\ASUS\Desktop\Hoctap\IM2073WebProj\tomcat\webapps\ebookshop]
14-Mar-2026 15:48:00.737 INFO [main] org.apache.jasper.servlet.TldScanner.scanJars At least one JAR was scanned for TLDs yet contained no TLDs. Enable debug logging for this logger for a complete list of JARs that were scanned but no TLDs were found in them. Skipping unneeded JARs during scanning can improve startup time and JSP compilation time.
14-Mar-2026 15:48:00.746 INFO [main] org.apache.catalina.startup.HostConfig.deployDirectory Deployment of web application directory [C:\Users\ASUS\Desktop\Hoctap\IM2073WebProj\tomcat\webapps\ebookshop] has finished in [416] ms
14-Mar-2026 15:48:00.748 INFO [main] org.apache.catalina.startup.HostConfig.deployDirectory Deploying web application directory [C:\Users\ASUS\Desktop\Hoctap\IM2073WebProj\tomcat\webapps\examples]
14-Mar-2026 15:48:01.653 INFO [main] org.apache.jasper.servlet.TldScanner.scanJars At least one JAR was scanned for TLDs yet contained no TLDs. Enable debug logging for this logger for a complete list of JARs that were scanned but no TLDs were found in them. Skipping unneeded JARs during scanning can improve startup time and JSP compilation time.
14-Mar-2026 15:48:01.859 INFO [main] org.apache.catalina.startup.HostConfig.deployDirectory Deployment of web application directory [C:\Users\ASUS\Desktop\Hoctap\IM2073WebProj\tomcat\webapps\examples] has finished in [1,111] ms
14-Mar-2026 15:48:01.860 INFO [main] org.apache.catalina.startup.HostConfig.deployDirectory Deploying web application directory [C:\Users\ASUS\Desktop\Hoctap\IM2073WebProj\tomcat\webapps\hello]
14-Mar-2026 15:48:02.564 INFO [main] org.apache.jasper.servlet.TldScanner.scanJars At least one JAR was scanned for TLDs yet contained no TLDs. Enable debug logging for this logger for a complete list of JARs that were scanned but no TLDs were found in them. Skipping unneeded JARs during scanning can improve startup time and JSP compilation time.
14-Mar-2026 15:48:02.581 INFO [main] org.apache.catalina.startup.HostConfig.deployDirectory Deployment of web application directory [C:\Users\ASUS\Desktop\Hoctap\IM2073WebProj\tomcat\webapps\hello] has finished in [721] ms
14-Mar-2026 15:48:02.583 INFO [main] org.apache.catalina.startup.HostConfig.deployDirectory Deploying web application directory [C:\Users\ASUS\Desktop\Hoctap\IM2073WebProj\tomcat\webapps\host-manager]
14-Mar-2026 15:48:03.294 INFO [main] org.apache.jasper.servlet.TldScanner.scanJars At least one JAR was scanned for TLDs yet contained no TLDs. Enable debug logging for this logger for a complete list of JARs that were scanned but no TLDs were found in them. Skipping unneeded JARs during scanning can improve startup time and JSP compilation time.
14-Mar-2026 15:48:03.326 INFO [main] org.apache.catalina.startup.HostConfig.deployDirectory Deployment of web application directory [C:\Users\ASUS\Desktop\Hoctap\IM2073WebProj\tomcat\webapps\host-manager] has finished in [743] ms
14-Mar-2026 15:48:03.326 INFO [main] org.apache.catalina.startup.HostConfig.deployDirectory Deploying web application directory [C:\Users\ASUS\Desktop\Hoctap\IM2073WebProj\tomcat\webapps\manager]
14-Mar-2026 15:48:03.800 INFO [main] org.apache.jasper.servlet.TldScanner.scanJars At least one JAR was scanned for TLDs yet contained no TLDs. Enable debug logging for this logger for a complete list of JARs that were scanned but no TLDs were found in them. Skipping unneeded JARs during scanning can improve startup time and JSP compilation time.
14-Mar-2026 15:48:03.804 INFO [main] org.apache.catalina.startup.HostConfig.deployDirectory Deployment of web application directory [C:\Users\ASUS\Desktop\Hoctap\IM2073WebProj\tomcat\webapps\manager] has finished in [478] ms
14-Mar-2026 15:48:03.805 INFO [main] org.apache.catalina.startup.HostConfig.deployDirectory Deploying web application directory [C:\Users\ASUS\Desktop\Hoctap\IM2073WebProj\tomcat\webapps\ROOT]
14-Mar-2026 15:48:04.055 INFO [main] org.apache.jasper.servlet.TldScanner.scanJars At least one JAR was scanned for TLDs yet contained no TLDs. Enable debug logging for this logger for a complete list of JARs that were scanned but no TLDs were found in them. Skipping unneeded JARs during scanning can improve startup time and JSP compilation time.
14-Mar-2026 15:48:04.059 INFO [main] org.apache.catalina.startup.HostConfig.deployDirectory Deployment of web application directory [C:\Users\ASUS\Desktop\Hoctap\IM2073WebProj\tomcat\webapps\ROOT] has finished in [254] ms
14-Mar-2026 15:48:04.061 INFO [main] org.apache.coyote.AbstractProtocol.start Starting ProtocolHandler ["http-nio-9999"]
14-Mar-2026 15:48:04.090 INFO [main] org.apache.catalina.startup.Catalina.start Server startup in [4397] milliseconds
14-Mar-2026 18:19:19.800 INFO [Thread-1] org.apache.coyote.AbstractProtocol.pause Pausing ProtocolHandler ["http-nio-9999"]
14-Mar-2026 18:19:19.826 INFO [Thread-1] org.apache.catalina.core.StandardService.stopInternal Stopping service [Catalina]
14-Mar-2026 18:19:19.868 INFO [Thread-1] org.apache.coyote.AbstractProtocol.stop Stopping ProtocolHandler ["http-nio-9999"]
14-Mar-2026 18:19:19.883 INFO [Thread-1] org.apache.coyote.AbstractProtocol.destroy Destroying ProtocolHandler ["http-nio-9999"]
14-Mar-2026 18:19:23.565 INFO [main] org.apache.catalina.startup.VersionLoggerListener.log Server version name:   Apache Tomcat/11.0.18
14-Mar-2026 18:19:23.567 INFO [main] org.apache.catalina.startup.VersionLoggerListener.log Server built:          Jan 23 2026 10:22:57 UTC
14-Mar-2026 18:19:23.567 INFO [main] org.apache.catalina.startup.VersionLoggerListener.log Server version number: 11.0.18.0
14-Mar-2026 18:19:23.567 INFO [main] org.apache.catalina.startup.VersionLoggerListener.log OS Name:               Windows 11
14-Mar-2026 18:19:23.568 INFO [main] org.apache.catalina.startup.VersionLoggerListener.log OS Version:            10.0
14-Mar-2026 18:19:23.568 INFO [main] org.apache.catalina.startup.VersionLoggerListener.log Architecture:          amd64
14-Mar-2026 18:19:23.568 INFO [main] org.apache.catalina.startup.VersionLoggerListener.log Java Home:             D:\jdk-25
14-Mar-2026 18:19:23.568 INFO [main] org.apache.catalina.startup.VersionLoggerListener.log JVM Version:           25.0.2+10-LTS-69
14-Mar-2026 18:19:23.568 INFO [main] org.apache.catalina.startup.VersionLoggerListener.log JVM Vendor:            Oracle Corporation
14-Mar-2026 18:19:23.570 INFO [main] org.apache.catalina.startup.VersionLoggerListener.log CATALINA_BASE:         C:\Users\ASUS\Desktop\Hoctap\IM2073WebProj\tomcat
14-Mar-2026 18:19:23.570 INFO [main] org.apache.catalina.startup.VersionLoggerListener.log CATALINA_HOME:         C:\Users\ASUS\Desktop\Hoctap\IM2073WebProj\tomcat
14-Mar-2026 18:19:23.580 INFO [main] org.apache.catalina.startup.VersionLoggerListener.log Command line argument: -Djava.util.logging.config.file=C:\Users\ASUS\Desktop\Hoctap\IM2073WebProj\tomcat\conf\logging.properties
14-Mar-2026 18:19:23.580 INFO [main] org.apache.catalina.startup.VersionLoggerListener.log Command line argument: -Djava.util.logging.manager=org.apache.juli.ClassLoaderLogManager
14-Mar-2026 18:19:23.580 INFO [main] org.apache.catalina.startup.VersionLoggerListener.log Command line argument: -Djdk.tls.ephemeralDHKeySize=2048
14-Mar-2026 18:19:23.580 INFO [main] org.apache.catalina.startup.VersionLoggerListener.log Command line argument: --add-opens=java.base/java.lang=ALL-UNNAMED
14-Mar-2026 18:19:23.581 INFO [main] org.apache.catalina.startup.VersionLoggerListener.log Command line argument: --add-opens=java.base/java.lang.reflect=ALL-UNNAMED
14-Mar-2026 18:19:23.581 INFO [main] org.apache.catalina.startup.VersionLoggerListener.log Command line argument: --add-opens=java.base/java.io=ALL-UNNAMED
14-Mar-2026 18:19:23.581 INFO [main] org.apache.catalina.startup.VersionLoggerListener.log Command line argument: --add-opens=java.base/java.util=ALL-UNNAMED
14-Mar-2026 18:19:23.581 INFO [main] org.apache.catalina.startup.VersionLoggerListener.log Command line argument: --add-opens=java.base/java.util.concurrent=ALL-UNNAMED
14-Mar-2026 18:19:23.582 INFO [main] org.apache.catalina.startup.VersionLoggerListener.log Command line argument: --add-opens=java.rmi/sun.rmi.transport=ALL-UNNAMED
14-Mar-2026 18:19:23.582 INFO [main] org.apache.catalina.startup.VersionLoggerListener.log Command line argument: --enable-native-access=ALL-UNNAMED
14-Mar-2026 18:19:23.582 INFO [main] org.apache.catalina.startup.VersionLoggerListener.log Command line argument: -Dcatalina.base=C:\Users\ASUS\Desktop\Hoctap\IM2073WebProj\tomcat
14-Mar-2026 18:19:23.582 INFO [main] org.apache.catalina.startup.VersionLoggerListener.log Command line argument: -Dcatalina.home=C:\Users\ASUS\Desktop\Hoctap\IM2073WebProj\tomcat
14-Mar-2026 18:19:23.582 INFO [main] org.apache.catalina.startup.VersionLoggerListener.log Command line argument: -Djava.io.tmpdir=C:\Users\ASUS\Desktop\Hoctap\IM2073WebProj\tomcat\temp
14-Mar-2026 18:19:23.590 INFO [main] org.apache.catalina.core.AprLifecycleListener.lifecycleEvent The Apache Tomcat Native library which allows using OpenSSL was not found on the java.library.path: [D:\jdk-25\bin;C:\WINDOWS\Sun\Java\bin;C:\WINDOWS\system32;C:\WINDOWS;C:\Program Files\PlasticSCM5\server;C:\Program Files\PlasticSCM5\client;C:\Program Files\Common Files\Oracle\Java\javapath;C:\Program Files\Eclipse Adoptium\jdk-17.0.13.11-hotspot\bin;C:\Windows\system32;C:\Windows;C:\Windows\System32\Wbem;C:\Windows\System32\WindowsPowerShell\v1.0\;C:\Windows\System32\OpenSSH\;C:\Program Files (x86)\NVIDIA Corporation\PhysX\Common;C:\Program Files\NVIDIA Corporation\NVIDIA NvDLISR;C:\Program Files\dotnet\;D:\Python 3;D:\Python 3\Scripts;C:\Program Files\PuTTY\;C:\WINDOWS\system32;C:\WINDOWS;C:\WINDOWS\System32\Wbem;C:\WINDOWS\System32\WindowsPowerShell\v1.0\;C:\WINDOWS\System32\OpenSSH\;C:\Program Files (x86)\Windows Kits\10\Windows Performance Toolkit\;D:\Git\Git\cmd;%NVM_HOME%;%NVM_SYMLINK%;C:\Users\ASUS\AppData\Local\Microsoft\WindowsApps;C:\msys64\ucrt64\bin;C:\Users\ASUS\AppData\Local\Programs\Microsoft VS Code\bin;D:\Pycharm\PyCharm 2024.2.1\bin;;C:\Program Files\cmake-4.2.1-windows-x86_64\bin;D:\jdk-25\bin;C:\Users\ASUS\AppData\Roaming\npm;C:\Users\ASUS\.dotnet\tools;C:\Users\ASUS\AppData\Local\GitHubDesktop\bin;D:\Git\Git\bin;C:\Users\ASUS\AppData\Local\nvm;C:\nvm4w\nodejs;.]
14-Mar-2026 18:19:23.794 INFO [main] org.apache.coyote.AbstractProtocol.init Initializing ProtocolHandler ["http-nio-9999"]
14-Mar-2026 18:19:23.812 INFO [main] org.apache.catalina.startup.Catalina.load Server initialization in [398] milliseconds
14-Mar-2026 18:19:23.846 INFO [main] org.apache.catalina.core.StandardService.startInternal Starting service [Catalina]
14-Mar-2026 18:19:23.846 INFO [main] org.apache.catalina.core.StandardEngine.startInternal Starting Servlet engine: [Apache Tomcat/11.0.18]
14-Mar-2026 18:19:23.855 INFO [main] org.apache.catalina.startup.HostConfig.deployDirectory Deploying web application directory [C:\Users\ASUS\Desktop\Hoctap\IM2073WebProj\tomcat\webapps\docs]
14-Mar-2026 18:19:24.380 INFO [main] org.apache.jasper.servlet.TldScanner.scanJars At least one JAR was scanned for TLDs yet contained no TLDs. Enable debug logging for this logger for a complete list of JARs that were scanned but no TLDs were found in them. Skipping unneeded JARs during scanning can improve startup time and JSP compilation time.
14-Mar-2026 18:19:24.437 INFO [main] org.apache.catalina.startup.HostConfig.deployDirectory Deployment of web application directory [C:\Users\ASUS\Desktop\Hoctap\IM2073WebProj\tomcat\webapps\docs] has finished in [579] ms
14-Mar-2026 18:19:24.438 INFO [main] org.apache.catalina.startup.HostConfig.deployDirectory Deploying web application directory [C:\Users\ASUS\Desktop\Hoctap\IM2073WebProj\tomcat\webapps\ebookshop]
14-Mar-2026 18:19:24.857 INFO [main] org.apache.jasper.servlet.TldScanner.scanJars At least one JAR was scanned for TLDs yet contained no TLDs. Enable debug logging for this logger for a complete list of JARs that were scanned but no TLDs were found in them. Skipping unneeded JARs during scanning can improve startup time and JSP compilation time.
14-Mar-2026 18:19:24.867 INFO [main] org.apache.catalina.startup.HostConfig.deployDirectory Deployment of web application directory [C:\Users\ASUS\Desktop\Hoctap\IM2073WebProj\tomcat\webapps\ebookshop] has finished in [429] ms
14-Mar-2026 18:19:24.867 INFO [main] org.apache.catalina.startup.HostConfig.deployDirectory Deploying web application directory [C:\Users\ASUS\Desktop\Hoctap\IM2073WebProj\tomcat\webapps\examples]
14-Mar-2026 18:19:25.620 INFO [main] org.apache.jasper.servlet.TldScanner.scanJars At least one JAR was scanned for TLDs yet contained no TLDs. Enable debug logging for this logger for a complete list of JARs that were scanned but no TLDs were found in them. Skipping unneeded JARs during scanning can improve startup time and JSP compilation time.
14-Mar-2026 18:19:25.710 INFO [main] org.apache.catalina.startup.HostConfig.deployDirectory Deployment of web application directory [C:\Users\ASUS\Desktop\Hoctap\IM2073WebProj\tomcat\webapps\examples] has finished in [843] ms
14-Mar-2026 18:19:25.711 INFO [main] org.apache.catalina.startup.HostConfig.deployDirectory Deploying web application directory [C:\Users\ASUS\Desktop\Hoctap\IM2073WebProj\tomcat\webapps\hello]
14-Mar-2026 18:19:25.977 INFO [main] org.apache.jasper.servlet.TldScanner.scanJars At least one JAR was scanned for TLDs yet contained no TLDs. Enable debug logging for this logger for a complete list of JARs that were scanned but no TLDs were found in them. Skipping unneeded JARs during scanning can improve startup time and JSP compilation time.
14-Mar-2026 18:19:25.981 INFO [main] org.apache.catalina.startup.HostConfig.deployDirectory Deployment of web application directory [C:\Users\ASUS\Desktop\Hoctap\IM2073WebProj\tomcat\webapps\hello] has finished in [270] ms
14-Mar-2026 18:19:25.981 INFO [main] org.apache.catalina.startup.HostConfig.deployDirectory Deploying web application directory [C:\Users\ASUS\Desktop\Hoctap\IM2073WebProj\tomcat\webapps\host-manager]
14-Mar-2026 18:19:26.222 INFO [main] org.apache.jasper.servlet.TldScanner.scanJars At least one JAR was scanned for TLDs yet contained no TLDs. Enable debug logging for this logger for a complete list of JARs that were scanned but no TLDs were found in them. Skipping unneeded JARs during scanning can improve startup time and JSP compilation time.
14-Mar-2026 18:19:26.230 INFO [main] org.apache.catalina.startup.HostConfig.deployDirectory Deployment of web application directory [C:\Users\ASUS\Desktop\Hoctap\IM2073WebProj\tomcat\webapps\host-manager] has finished in [249] ms
14-Mar-2026 18:19:26.231 INFO [main] org.apache.catalina.startup.HostConfig.deployDirectory Deploying web application directory [C:\Users\ASUS\Desktop\Hoctap\IM2073WebProj\tomcat\webapps\manager]
14-Mar-2026 18:19:26.462 INFO [main] org.apache.jasper.servlet.TldScanner.scanJars At least one JAR was scanned for TLDs yet contained no TLDs. Enable debug logging for this logger for a complete list of JARs that were scanned but no TLDs were found in them. Skipping unneeded JARs during scanning can improve startup time and JSP compilation time.
14-Mar-2026 18:19:26.465 INFO [main] org.apache.catalina.startup.HostConfig.deployDirectory Deployment of web application directory [C:\Users\ASUS\Desktop\Hoctap\IM2073WebProj\tomcat\webapps\manager] has finished in [234] ms
14-Mar-2026 18:19:26.465 INFO [main] org.apache.catalina.startup.HostConfig.deployDirectory Deploying web application directory [C:\Users\ASUS\Desktop\Hoctap\IM2073WebProj\tomcat\webapps\ROOT]
14-Mar-2026 18:19:26.701 INFO [main] org.apache.jasper.servlet.TldScanner.scanJars At least one JAR was scanned for TLDs yet contained no TLDs. Enable debug logging for this logger for a complete list of JARs that were scanned but no TLDs were found in them. Skipping unneeded JARs during scanning can improve startup time and JSP compilation time.
14-Mar-2026 18:19:26.707 INFO [main] org.apache.catalina.startup.HostConfig.deployDirectory Deployment of web application directory [C:\Users\ASUS\Desktop\Hoctap\IM2073WebProj\tomcat\webapps\ROOT] has finished in [242] ms
14-Mar-2026 18:19:26.710 INFO [main] org.apache.coyote.AbstractProtocol.start Starting ProtocolHandler ["http-nio-9999"]
14-Mar-2026 18:19:26.741 INFO [main] org.apache.catalina.startup.Catalina.start Server startup in [2927] milliseconds
<<<<<<< Updated upstream
<<<<<<< Updated upstream
14-Mar-2026 18:55:30.508 INFO [main] org.apache.catalina.startup.VersionLoggerListener.log Server version name:   Apache Tomcat/11.0.18
14-Mar-2026 18:55:30.511 INFO [main] org.apache.catalina.startup.VersionLoggerListener.log Server built:          Jan 23 2026 10:22:57 UTC
14-Mar-2026 18:55:30.512 INFO [main] org.apache.catalina.startup.VersionLoggerListener.log Server version number: 11.0.18.0
14-Mar-2026 18:55:30.512 INFO [main] org.apache.catalina.startup.VersionLoggerListener.log OS Name:               Windows 11
14-Mar-2026 18:55:30.512 INFO [main] org.apache.catalina.startup.VersionLoggerListener.log OS Version:            10.0
14-Mar-2026 18:55:30.512 INFO [main] org.apache.catalina.startup.VersionLoggerListener.log Architecture:          amd64
14-Mar-2026 18:55:30.512 INFO [main] org.apache.catalina.startup.VersionLoggerListener.log Java Home:             D:\jdk-25
14-Mar-2026 18:55:30.514 INFO [main] org.apache.catalina.startup.VersionLoggerListener.log JVM Version:           25.0.2+10-LTS-69
14-Mar-2026 18:55:30.514 INFO [main] org.apache.catalina.startup.VersionLoggerListener.log JVM Vendor:            Oracle Corporation
14-Mar-2026 18:55:30.514 INFO [main] org.apache.catalina.startup.VersionLoggerListener.log CATALINA_BASE:         C:\Users\ASUS\Desktop\Hoctap\IM2073WebProj\tomcat
14-Mar-2026 18:55:30.515 INFO [main] org.apache.catalina.startup.VersionLoggerListener.log CATALINA_HOME:         C:\Users\ASUS\Desktop\Hoctap\IM2073WebProj\tomcat
14-Mar-2026 18:55:30.525 INFO [main] org.apache.catalina.startup.VersionLoggerListener.log Command line argument: -Djava.util.logging.config.file=C:\Users\ASUS\Desktop\Hoctap\IM2073WebProj\tomcat\conf\logging.properties
14-Mar-2026 18:55:30.525 INFO [main] org.apache.catalina.startup.VersionLoggerListener.log Command line argument: -Djava.util.logging.manager=org.apache.juli.ClassLoaderLogManager
14-Mar-2026 18:55:30.526 INFO [main] org.apache.catalina.startup.VersionLoggerListener.log Command line argument: -Djdk.tls.ephemeralDHKeySize=2048
14-Mar-2026 18:55:30.526 INFO [main] org.apache.catalina.startup.VersionLoggerListener.log Command line argument: --add-opens=java.base/java.lang=ALL-UNNAMED
14-Mar-2026 18:55:30.526 INFO [main] org.apache.catalina.startup.VersionLoggerListener.log Command line argument: --add-opens=java.base/java.lang.reflect=ALL-UNNAMED
14-Mar-2026 18:55:30.526 INFO [main] org.apache.catalina.startup.VersionLoggerListener.log Command line argument: --add-opens=java.base/java.io=ALL-UNNAMED
14-Mar-2026 18:55:30.526 INFO [main] org.apache.catalina.startup.VersionLoggerListener.log Command line argument: --add-opens=java.base/java.util=ALL-UNNAMED
14-Mar-2026 18:55:30.526 INFO [main] org.apache.catalina.startup.VersionLoggerListener.log Command line argument: --add-opens=java.base/java.util.concurrent=ALL-UNNAMED
14-Mar-2026 18:55:30.527 INFO [main] org.apache.catalina.startup.VersionLoggerListener.log Command line argument: --add-opens=java.rmi/sun.rmi.transport=ALL-UNNAMED
14-Mar-2026 18:55:30.527 INFO [main] org.apache.catalina.startup.VersionLoggerListener.log Command line argument: --enable-native-access=ALL-UNNAMED
14-Mar-2026 18:55:30.527 INFO [main] org.apache.catalina.startup.VersionLoggerListener.log Command line argument: -Dcatalina.base=C:\Users\ASUS\Desktop\Hoctap\IM2073WebProj\tomcat
14-Mar-2026 18:55:30.527 INFO [main] org.apache.catalina.startup.VersionLoggerListener.log Command line argument: -Dcatalina.home=C:\Users\ASUS\Desktop\Hoctap\IM2073WebProj\tomcat
14-Mar-2026 18:55:30.527 INFO [main] org.apache.catalina.startup.VersionLoggerListener.log Command line argument: -Djava.io.tmpdir=C:\Users\ASUS\Desktop\Hoctap\IM2073WebProj\tomcat\temp
14-Mar-2026 18:55:30.536 INFO [main] org.apache.catalina.core.AprLifecycleListener.lifecycleEvent The Apache Tomcat Native library which allows using OpenSSL was not found on the java.library.path: [D:\jdk-25\bin;C:\WINDOWS\Sun\Java\bin;C:\WINDOWS\system32;C:\WINDOWS;C:\Program Files\PlasticSCM5\server;C:\Program Files\PlasticSCM5\client;C:\Program Files\Common Files\Oracle\Java\javapath;C:\Program Files\Eclipse Adoptium\jdk-17.0.13.11-hotspot\bin;C:\Windows\system32;C:\Windows;C:\Windows\System32\Wbem;C:\Windows\System32\WindowsPowerShell\v1.0\;C:\Windows\System32\OpenSSH\;C:\Program Files (x86)\NVIDIA Corporation\PhysX\Common;C:\Program Files\NVIDIA Corporation\NVIDIA NvDLISR;C:\Program Files\dotnet\;D:\Python 3;D:\Python 3\Scripts;C:\Program Files\PuTTY\;C:\WINDOWS\system32;C:\WINDOWS;C:\WINDOWS\System32\Wbem;C:\WINDOWS\System32\WindowsPowerShell\v1.0\;C:\WINDOWS\System32\OpenSSH\;C:\Program Files (x86)\Windows Kits\10\Windows Performance Toolkit\;D:\Git\Git\cmd;%NVM_HOME%;%NVM_SYMLINK%;C:\Users\ASUS\AppData\Local\Microsoft\WindowsApps;C:\msys64\ucrt64\bin;C:\Users\ASUS\AppData\Local\Programs\Microsoft VS Code\bin;D:\Pycharm\PyCharm 2024.2.1\bin;;C:\Program Files\cmake-4.2.1-windows-x86_64\bin;D:\jdk-25\bin;C:\Users\ASUS\AppData\Roaming\npm;C:\Users\ASUS\.dotnet\tools;C:\Users\ASUS\AppData\Local\GitHubDesktop\bin;D:\Git\Git\bin;C:\Users\ASUS\AppData\Local\nvm;C:\nvm4w\nodejs;.]
14-Mar-2026 18:55:30.725 INFO [main] org.apache.coyote.AbstractProtocol.init Initializing ProtocolHandler ["http-nio-9999"]
14-Mar-2026 18:55:30.743 INFO [main] org.apache.catalina.startup.Catalina.load Server initialization in [396] milliseconds
14-Mar-2026 18:55:30.773 INFO [main] org.apache.catalina.core.StandardService.startInternal Starting service [Catalina]
14-Mar-2026 18:55:30.773 INFO [main] org.apache.catalina.core.StandardEngine.startInternal Starting Servlet engine: [Apache Tomcat/11.0.18]
14-Mar-2026 18:55:30.781 INFO [main] org.apache.catalina.startup.HostConfig.deployDirectory Deploying web application directory [C:\Users\ASUS\Desktop\Hoctap\IM2073WebProj\tomcat\webapps\docs]
14-Mar-2026 18:55:31.279 INFO [main] org.apache.jasper.servlet.TldScanner.scanJars At least one JAR was scanned for TLDs yet contained no TLDs. Enable debug logging for this logger for a complete list of JARs that were scanned but no TLDs were found in them. Skipping unneeded JARs during scanning can improve startup time and JSP compilation time.
14-Mar-2026 18:55:31.332 INFO [main] org.apache.catalina.startup.HostConfig.deployDirectory Deployment of web application directory [C:\Users\ASUS\Desktop\Hoctap\IM2073WebProj\tomcat\webapps\docs] has finished in [549] ms
14-Mar-2026 18:55:31.334 INFO [main] org.apache.catalina.startup.HostConfig.deployDirectory Deploying web application directory [C:\Users\ASUS\Desktop\Hoctap\IM2073WebProj\tomcat\webapps\ebookshop]
14-Mar-2026 18:55:31.654 INFO [main] org.apache.jasper.servlet.TldScanner.scanJars At least one JAR was scanned for TLDs yet contained no TLDs. Enable debug logging for this logger for a complete list of JARs that were scanned but no TLDs were found in them. Skipping unneeded JARs during scanning can improve startup time and JSP compilation time.
14-Mar-2026 18:55:31.662 INFO [main] org.apache.catalina.startup.HostConfig.deployDirectory Deployment of web application directory [C:\Users\ASUS\Desktop\Hoctap\IM2073WebProj\tomcat\webapps\ebookshop] has finished in [328] ms
14-Mar-2026 18:55:31.662 INFO [main] org.apache.catalina.startup.HostConfig.deployDirectory Deploying web application directory [C:\Users\ASUS\Desktop\Hoctap\IM2073WebProj\tomcat\webapps\examples]
14-Mar-2026 18:55:32.392 INFO [main] org.apache.jasper.servlet.TldScanner.scanJars At least one JAR was scanned for TLDs yet contained no TLDs. Enable debug logging for this logger for a complete list of JARs that were scanned but no TLDs were found in them. Skipping unneeded JARs during scanning can improve startup time and JSP compilation time.
14-Mar-2026 18:55:32.473 INFO [main] org.apache.catalina.startup.HostConfig.deployDirectory Deployment of web application directory [C:\Users\ASUS\Desktop\Hoctap\IM2073WebProj\tomcat\webapps\examples] has finished in [811] ms
14-Mar-2026 18:55:32.474 INFO [main] org.apache.catalina.startup.HostConfig.deployDirectory Deploying web application directory [C:\Users\ASUS\Desktop\Hoctap\IM2073WebProj\tomcat\webapps\hello]
14-Mar-2026 18:55:32.752 INFO [main] org.apache.jasper.servlet.TldScanner.scanJars At least one JAR was scanned for TLDs yet contained no TLDs. Enable debug logging for this logger for a complete list of JARs that were scanned but no TLDs were found in them. Skipping unneeded JARs during scanning can improve startup time and JSP compilation time.
14-Mar-2026 18:55:32.757 INFO [main] org.apache.catalina.startup.HostConfig.deployDirectory Deployment of web application directory [C:\Users\ASUS\Desktop\Hoctap\IM2073WebProj\tomcat\webapps\hello] has finished in [282] ms
14-Mar-2026 18:55:32.757 INFO [main] org.apache.catalina.startup.HostConfig.deployDirectory Deploying web application directory [C:\Users\ASUS\Desktop\Hoctap\IM2073WebProj\tomcat\webapps\host-manager]
14-Mar-2026 18:55:32.997 INFO [main] org.apache.jasper.servlet.TldScanner.scanJars At least one JAR was scanned for TLDs yet contained no TLDs. Enable debug logging for this logger for a complete list of JARs that were scanned but no TLDs were found in them. Skipping unneeded JARs during scanning can improve startup time and JSP compilation time.
14-Mar-2026 18:55:33.007 INFO [main] org.apache.catalina.startup.HostConfig.deployDirectory Deployment of web application directory [C:\Users\ASUS\Desktop\Hoctap\IM2073WebProj\tomcat\webapps\host-manager] has finished in [250] ms
14-Mar-2026 18:55:33.007 INFO [main] org.apache.catalina.startup.HostConfig.deployDirectory Deploying web application directory [C:\Users\ASUS\Desktop\Hoctap\IM2073WebProj\tomcat\webapps\manager]
14-Mar-2026 18:55:33.229 INFO [main] org.apache.jasper.servlet.TldScanner.scanJars At least one JAR was scanned for TLDs yet contained no TLDs. Enable debug logging for this logger for a complete list of JARs that were scanned but no TLDs were found in them. Skipping unneeded JARs during scanning can improve startup time and JSP compilation time.
14-Mar-2026 18:55:33.233 INFO [main] org.apache.catalina.startup.HostConfig.deployDirectory Deployment of web application directory [C:\Users\ASUS\Desktop\Hoctap\IM2073WebProj\tomcat\webapps\manager] has finished in [226] ms
14-Mar-2026 18:55:33.234 INFO [main] org.apache.catalina.startup.HostConfig.deployDirectory Deploying web application directory [C:\Users\ASUS\Desktop\Hoctap\IM2073WebProj\tomcat\webapps\ROOT]
14-Mar-2026 18:55:33.477 INFO [main] org.apache.jasper.servlet.TldScanner.scanJars At least one JAR was scanned for TLDs yet contained no TLDs. Enable debug logging for this logger for a complete list of JARs that were scanned but no TLDs were found in them. Skipping unneeded JARs during scanning can improve startup time and JSP compilation time.
14-Mar-2026 18:55:33.486 INFO [main] org.apache.catalina.startup.HostConfig.deployDirectory Deployment of web application directory [C:\Users\ASUS\Desktop\Hoctap\IM2073WebProj\tomcat\webapps\ROOT] has finished in [252] ms
14-Mar-2026 18:55:33.488 INFO [main] org.apache.coyote.AbstractProtocol.start Starting ProtocolHandler ["http-nio-9999"]
14-Mar-2026 18:55:33.517 INFO [main] org.apache.catalina.startup.Catalina.start Server startup in [2772] milliseconds
14-Mar-2026 19:07:55.363 INFO [Catalina-utility-2] org.apache.catalina.core.StandardContext.reload Reloading Context with name [/ebookshop] has started
14-Mar-2026 19:07:56.090 INFO [Catalina-utility-2] org.apache.jasper.servlet.TldScanner.scanJars At least one JAR was scanned for TLDs yet contained no TLDs. Enable debug logging for this logger for a complete list of JARs that were scanned but no TLDs were found in them. Skipping unneeded JARs during scanning can improve startup time and JSP compilation time.
14-Mar-2026 19:07:56.094 INFO [Catalina-utility-2] org.apache.catalina.core.StandardContext.reload Reloading Context with name [/ebookshop] is completed
14-Mar-2026 19:09:17.816 INFO [Catalina-utility-2] org.apache.catalina.core.StandardContext.reload Reloading Context with name [/ebookshop] has started
14-Mar-2026 19:09:18.568 INFO [Catalina-utility-2] org.apache.jasper.servlet.TldScanner.scanJars At least one JAR was scanned for TLDs yet contained no TLDs. Enable debug logging for this logger for a complete list of JARs that were scanned but no TLDs were found in them. Skipping unneeded JARs during scanning can improve startup time and JSP compilation time.
14-Mar-2026 19:09:18.573 INFO [Catalina-utility-2] org.apache.catalina.core.StandardContext.reload Reloading Context with name [/ebookshop] is completed
14-Mar-2026 19:10:49.734 INFO [Catalina-utility-2] org.apache.catalina.core.StandardContext.reload Reloading Context with name [/ebookshop] has started
14-Mar-2026 19:10:50.540 INFO [Catalina-utility-2] org.apache.jasper.servlet.TldScanner.scanJars At least one JAR was scanned for TLDs yet contained no TLDs. Enable debug logging for this logger for a complete list of JARs that were scanned but no TLDs were found in them. Skipping unneeded JARs during scanning can improve startup time and JSP compilation time.
14-Mar-2026 19:10:50.544 INFO [Catalina-utility-2] org.apache.catalina.core.StandardContext.reload Reloading Context with name [/ebookshop] is completed
14-Mar-2026 19:11:17.724 INFO [Thread-1] org.apache.coyote.AbstractProtocol.pause Pausing ProtocolHandler ["http-nio-9999"]
14-Mar-2026 19:11:17.742 INFO [Thread-1] org.apache.catalina.core.StandardService.stopInternal Stopping service [Catalina]
14-Mar-2026 19:11:17.763 INFO [Thread-1] org.apache.coyote.AbstractProtocol.stop Stopping ProtocolHandler ["http-nio-9999"]
14-Mar-2026 19:11:17.776 INFO [Thread-1] org.apache.coyote.AbstractProtocol.destroy Destroying ProtocolHandler ["http-nio-9999"]
=======
14-Mar-2026 18:35:58.289 INFO [Catalina-utility-1] org.apache.catalina.core.StandardContext.reload Reloading Context with name [/ebookshop] has started
14-Mar-2026 18:35:59.217 INFO [Catalina-utility-1] org.apache.jasper.servlet.TldScanner.scanJars At least one JAR was scanned for TLDs yet contained no TLDs. Enable debug logging for this logger for a complete list of JARs that were scanned but no TLDs were found in them. Skipping unneeded JARs during scanning can improve startup time and JSP compilation time.
14-Mar-2026 18:35:59.228 INFO [Catalina-utility-1] org.apache.catalina.core.StandardContext.reload Reloading Context with name [/ebookshop] is completed
>>>>>>> Stashed changes
=======
14-Mar-2026 18:35:58.289 INFO [Catalina-utility-1] org.apache.catalina.core.StandardContext.reload Reloading Context with name [/ebookshop] has started
14-Mar-2026 18:35:59.217 INFO [Catalina-utility-1] org.apache.jasper.servlet.TldScanner.scanJars At least one JAR was scanned for TLDs yet contained no TLDs. Enable debug logging for this logger for a complete list of JARs that were scanned but no TLDs were found in them. Skipping unneeded JARs during scanning can improve startup time and JSP compilation time.
14-Mar-2026 18:35:59.228 INFO [Catalina-utility-1] org.apache.catalina.core.StandardContext.reload Reloading Context with name [/ebookshop] is completed
14-Mar-2026 18:36:56.452 INFO [Thread-1] org.apache.coyote.AbstractProtocol.pause Pausing ProtocolHandler ["http-nio-9999"]
14-Mar-2026 18:36:56.466 INFO [Thread-1] org.apache.catalina.core.StandardService.stopInternal Stopping service [Catalina]
14-Mar-2026 18:36:56.492 INFO [Thread-1] org.apache.coyote.AbstractProtocol.stop Stopping ProtocolHandler ["http-nio-9999"]
14-Mar-2026 18:36:56.501 INFO [Thread-1] org.apache.coyote.AbstractProtocol.destroy Destroying ProtocolHandler ["http-nio-9999"]
>>>>>>> Stashed changes
