06-Mar-2026 22:31:37.785 INFO [main] org.apache.catalina.startup.VersionLoggerListener.log Server version name:   Apache Tomcat/10.1.52
06-Mar-2026 22:31:37.791 INFO [main] org.apache.catalina.startup.VersionLoggerListener.log Server built:          Jan 23 2026 19:29:07 UTC
06-Mar-2026 22:31:37.792 INFO [main] org.apache.catalina.startup.VersionLoggerListener.log Server version number: 10.1.52.0
06-Mar-2026 22:31:37.792 INFO [main] org.apache.catalina.startup.VersionLoggerListener.log OS Name:               Windows 11
06-Mar-2026 22:31:37.793 INFO [main] org.apache.catalina.startup.VersionLoggerListener.log OS Version:            10.0
06-Mar-2026 22:31:37.794 INFO [main] org.apache.catalina.startup.VersionLoggerListener.log Architecture:          amd64
06-Mar-2026 22:31:37.795 INFO [main] org.apache.catalina.startup.VersionLoggerListener.log Java Home:             D:\jdk-25
06-Mar-2026 22:31:37.795 INFO [main] org.apache.catalina.startup.VersionLoggerListener.log JVM Version:           25.0.2+10-LTS-69
06-Mar-2026 22:31:37.796 INFO [main] org.apache.catalina.startup.VersionLoggerListener.log JVM Vendor:            Oracle Corporation
06-Mar-2026 22:31:37.797 INFO [main] org.apache.catalina.startup.VersionLoggerListener.log CATALINA_BASE:         C:\Users\ASUS\Desktop\Hoctap\IM2073WebProject\tomcat
06-Mar-2026 22:31:37.797 INFO [main] org.apache.catalina.startup.VersionLoggerListener.log CATALINA_HOME:         C:\Users\ASUS\Desktop\Hoctap\IM2073WebProject\tomcat
06-Mar-2026 22:31:37.904 INFO [main] org.apache.catalina.startup.VersionLoggerListener.log Command line argument: -Djava.util.logging.config.file=C:\Users\ASUS\Desktop\Hoctap\IM2073WebProject\tomcat\conf\logging.properties
06-Mar-2026 22:31:37.904 INFO [main] org.apache.catalina.startup.VersionLoggerListener.log Command line argument: -Djava.util.logging.manager=org.apache.juli.ClassLoaderLogManager
06-Mar-2026 22:31:37.906 INFO [main] org.apache.catalina.startup.VersionLoggerListener.log Command line argument: -Djdk.tls.ephemeralDHKeySize=2048
06-Mar-2026 22:31:37.909 INFO [main] org.apache.catalina.startup.VersionLoggerListener.log Command line argument: -Djava.protocol.handler.pkgs=org.apache.catalina.webresources
06-Mar-2026 22:31:37.913 INFO [main] org.apache.catalina.startup.VersionLoggerListener.log Command line argument: -Dsun.io.useCanonCaches=false
06-Mar-2026 22:31:37.915 INFO [main] org.apache.catalina.startup.VersionLoggerListener.log Command line argument: --add-opens=java.base/java.lang=ALL-UNNAMED
06-Mar-2026 22:31:37.916 INFO [main] org.apache.catalina.startup.VersionLoggerListener.log Command line argument: --add-opens=java.base/java.lang.reflect=ALL-UNNAMED
06-Mar-2026 22:31:37.917 INFO [main] org.apache.catalina.startup.VersionLoggerListener.log Command line argument: --add-opens=java.base/java.io=ALL-UNNAMED
06-Mar-2026 22:31:37.918 INFO [main] org.apache.catalina.startup.VersionLoggerListener.log Command line argument: --add-opens=java.base/java.util=ALL-UNNAMED
06-Mar-2026 22:31:37.919 INFO [main] org.apache.catalina.startup.VersionLoggerListener.log Command line argument: --add-opens=java.base/java.util.concurrent=ALL-UNNAMED
06-Mar-2026 22:31:37.920 INFO [main] org.apache.catalina.startup.VersionLoggerListener.log Command line argument: --add-opens=java.rmi/sun.rmi.transport=ALL-UNNAMED
06-Mar-2026 22:31:37.920 INFO [main] org.apache.catalina.startup.VersionLoggerListener.log Command line argument: -Dcatalina.base=C:\Users\ASUS\Desktop\Hoctap\IM2073WebProject\tomcat
06-Mar-2026 22:31:37.921 INFO [main] org.apache.catalina.startup.VersionLoggerListener.log Command line argument: -Dcatalina.home=C:\Users\ASUS\Desktop\Hoctap\IM2073WebProject\tomcat
06-Mar-2026 22:31:37.923 INFO [main] org.apache.catalina.startup.VersionLoggerListener.log Command line argument: -Djava.io.tmpdir=C:\Users\ASUS\Desktop\Hoctap\IM2073WebProject\tomcat\temp
06-Mar-2026 22:31:37.953 INFO [main] org.apache.catalina.core.AprLifecycleListener.lifecycleEvent The Apache Tomcat Native library which allows using OpenSSL was not found on the java.library.path: [D:\jdk-25\bin;C:\WINDOWS\Sun\Java\bin;C:\WINDOWS\system32;C:\WINDOWS;C:\Program Files\PlasticSCM5\server;C:\Program Files\PlasticSCM5\client;C:\Program Files\Common Files\Oracle\Java\javapath;C:\Program Files\Eclipse Adoptium\jdk-17.0.13.11-hotspot\bin;C:\Windows\system32;C:\Windows;C:\Windows\System32\Wbem;C:\Windows\System32\WindowsPowerShell\v1.0\;C:\Windows\System32\OpenSSH\;C:\Program Files (x86)\NVIDIA Corporation\PhysX\Common;C:\Program Files\NVIDIA Corporation\NVIDIA NvDLISR;C:\Program Files\dotnet\;D:\Python 3;D:\Python 3\Scripts;C:\Program Files\PuTTY\;C:\WINDOWS\system32;C:\WINDOWS;C:\WINDOWS\System32\Wbem;C:\WINDOWS\System32\WindowsPowerShell\v1.0\;C:\WINDOWS\System32\OpenSSH\;C:\Program Files (x86)\Windows Kits\10\Windows Performance Toolkit\;D:\Git\Git\cmd;%NVM_HOME%;%NVM_SYMLINK%;C:\Users\ASUS\AppData\Local\Microsoft\WindowsApps;C:\msys64\ucrt64\bin;C:\Users\ASUS\AppData\Local\Programs\Microsoft VS Code\bin;D:\Pycharm\PyCharm 2024.2.1\bin;;C:\Program Files\cmake-4.2.1-windows-x86_64\bin;D:\jdk-25\bin;C:\Users\ASUS\AppData\Roaming\npm;C:\Users\ASUS\.dotnet\tools;C:\Users\ASUS\AppData\Local\GitHubDesktop\bin;D:\Git\Git\bin;C:\Users\ASUS\AppData\Local\nvm;C:\nvm4w\nodejs;.]
06-Mar-2026 22:31:38.377 INFO [main] org.apache.coyote.AbstractProtocol.init Initializing ProtocolHandler ["http-nio-9999"]
06-Mar-2026 22:31:38.433 INFO [main] org.apache.catalina.startup.Catalina.load Server initialization in [1199] milliseconds
06-Mar-2026 22:31:38.496 INFO [main] org.apache.catalina.core.StandardService.startInternal Starting service [Catalina]
06-Mar-2026 22:31:38.497 INFO [main] org.apache.catalina.core.StandardEngine.startInternal Starting Servlet engine: [Apache Tomcat/10.1.52]
06-Mar-2026 22:31:38.511 INFO [main] org.apache.catalina.startup.HostConfig.deployDirectory Deploying web application directory [C:\Users\ASUS\Desktop\Hoctap\IM2073WebProject\tomcat\webapps\docs]
06-Mar-2026 22:31:39.392 INFO [main] org.apache.jasper.servlet.TldScanner.scanJars At least one JAR was scanned for TLDs yet contained no TLDs. Enable debug logging for this logger for a complete list of JARs that were scanned but no TLDs were found in them. Skipping unneeded JARs during scanning can improve startup time and JSP compilation time.
06-Mar-2026 22:31:39.501 INFO [main] org.apache.catalina.startup.HostConfig.deployDirectory Deployment of web application directory [C:\Users\ASUS\Desktop\Hoctap\IM2073WebProject\tomcat\webapps\docs] has finished in [986] ms
06-Mar-2026 22:31:39.503 INFO [main] org.apache.catalina.startup.HostConfig.deployDirectory Deploying web application directory [C:\Users\ASUS\Desktop\Hoctap\IM2073WebProject\tomcat\webapps\examples]
06-Mar-2026 22:31:42.969 INFO [main] org.apache.jasper.servlet.TldScanner.scanJars At least one JAR was scanned for TLDs yet contained no TLDs. Enable debug logging for this logger for a complete list of JARs that were scanned but no TLDs were found in them. Skipping unneeded JARs during scanning can improve startup time and JSP compilation time.
06-Mar-2026 22:31:43.079 INFO [main] org.apache.catalina.startup.HostConfig.deployDirectory Deployment of web application directory [C:\Users\ASUS\Desktop\Hoctap\IM2073WebProject\tomcat\webapps\examples] has finished in [3,576] ms
06-Mar-2026 22:31:43.080 INFO [main] org.apache.catalina.startup.HostConfig.deployDirectory Deploying web application directory [C:\Users\ASUS\Desktop\Hoctap\IM2073WebProject\tomcat\webapps\hello]
06-Mar-2026 22:31:43.502 INFO [main] org.apache.jasper.servlet.TldScanner.scanJars At least one JAR was scanned for TLDs yet contained no TLDs. Enable debug logging for this logger for a complete list of JARs that were scanned but no TLDs were found in them. Skipping unneeded JARs during scanning can improve startup time and JSP compilation time.
06-Mar-2026 22:31:43.513 INFO [main] org.apache.catalina.startup.HostConfig.deployDirectory Deployment of web application directory [C:\Users\ASUS\Desktop\Hoctap\IM2073WebProject\tomcat\webapps\hello] has finished in [432] ms
06-Mar-2026 22:31:43.515 INFO [main] org.apache.catalina.startup.HostConfig.deployDirectory Deploying web application directory [C:\Users\ASUS\Desktop\Hoctap\IM2073WebProject\tomcat\webapps\host-manager]
06-Mar-2026 22:31:43.866 INFO [main] org.apache.jasper.servlet.TldScanner.scanJars At least one JAR was scanned for TLDs yet contained no TLDs. Enable debug logging for this logger for a complete list of JARs that were scanned but no TLDs were found in them. Skipping unneeded JARs during scanning can improve startup time and JSP compilation time.
06-Mar-2026 22:31:43.885 INFO [main] org.apache.catalina.startup.HostConfig.deployDirectory Deployment of web application directory [C:\Users\ASUS\Desktop\Hoctap\IM2073WebProject\tomcat\webapps\host-manager] has finished in [370] ms
06-Mar-2026 22:31:43.887 INFO [main] org.apache.catalina.startup.HostConfig.deployDirectory Deploying web application directory [C:\Users\ASUS\Desktop\Hoctap\IM2073WebProject\tomcat\webapps\manager]
06-Mar-2026 22:31:44.276 INFO [main] org.apache.jasper.servlet.TldScanner.scanJars At least one JAR was scanned for TLDs yet contained no TLDs. Enable debug logging for this logger for a complete list of JARs that were scanned but no TLDs were found in them. Skipping unneeded JARs during scanning can improve startup time and JSP compilation time.
06-Mar-2026 22:31:44.283 INFO [main] org.apache.catalina.startup.HostConfig.deployDirectory Deployment of web application directory [C:\Users\ASUS\Desktop\Hoctap\IM2073WebProject\tomcat\webapps\manager] has finished in [395] ms
06-Mar-2026 22:31:44.287 INFO [main] org.apache.catalina.startup.HostConfig.deployDirectory Deploying web application directory [C:\Users\ASUS\Desktop\Hoctap\IM2073WebProject\tomcat\webapps\ROOT]
06-Mar-2026 22:31:44.603 INFO [main] org.apache.jasper.servlet.TldScanner.scanJars At least one JAR was scanned for TLDs yet contained no TLDs. Enable debug logging for this logger for a complete list of JARs that were scanned but no TLDs were found in them. Skipping unneeded JARs during scanning can improve startup time and JSP compilation time.
06-Mar-2026 22:31:44.608 INFO [main] org.apache.catalina.startup.HostConfig.deployDirectory Deployment of web application directory [C:\Users\ASUS\Desktop\Hoctap\IM2073WebProject\tomcat\webapps\ROOT] has finished in [321] ms
06-Mar-2026 22:31:44.611 INFO [main] org.apache.coyote.AbstractProtocol.start Starting ProtocolHandler ["http-nio-9999"]
06-Mar-2026 22:31:44.676 INFO [main] org.apache.catalina.startup.Catalina.start Server startup in [6241] milliseconds
