25-Feb-2026 09:49:12.483 INFO [main] org.apache.catalina.startup.VersionLoggerListener.log Server version name:   Apache Tomcat/11.0.18
25-Feb-2026 09:49:12.486 INFO [main] org.apache.catalina.startup.VersionLoggerListener.log Server built:          Jan 23 2026 10:22:57 UTC
25-Feb-2026 09:49:12.487 INFO [main] org.apache.catalina.startup.VersionLoggerListener.log Server version number: 11.0.18.0
25-Feb-2026 09:49:12.487 INFO [main] org.apache.catalina.startup.VersionLoggerListener.log OS Name:               Windows 11
25-Feb-2026 09:49:12.487 INFO [main] org.apache.catalina.startup.VersionLoggerListener.log OS Version:            10.0
25-Feb-2026 09:49:12.487 INFO [main] org.apache.catalina.startup.VersionLoggerListener.log Architecture:          amd64
25-Feb-2026 09:49:12.488 INFO [main] org.apache.catalina.startup.VersionLoggerListener.log Java Home:             C:\Program Files\Java\jdk-24
25-Feb-2026 09:49:12.489 INFO [main] org.apache.catalina.startup.VersionLoggerListener.log JVM Version:           24+36-3646
25-Feb-2026 09:49:12.489 INFO [main] org.apache.catalina.startup.VersionLoggerListener.log JVM Vendor:            Oracle Corporation
25-Feb-2026 09:49:12.489 INFO [main] org.apache.catalina.startup.VersionLoggerListener.log CATALINA_BASE:         C:\Users\bachc\WebProjects\tomcat
25-Feb-2026 09:49:12.489 INFO [main] org.apache.catalina.startup.VersionLoggerListener.log CATALINA_HOME:         C:\Users\bachc\WebProjects\tomcat
25-Feb-2026 09:49:12.502 INFO [main] org.apache.catalina.startup.VersionLoggerListener.log Command line argument: -Djava.util.logging.config.file=C:\Users\bachc\WebProjects\tomcat\conf\logging.properties
25-Feb-2026 09:49:12.503 INFO [main] org.apache.catalina.startup.VersionLoggerListener.log Command line argument: -Djava.util.logging.manager=org.apache.juli.ClassLoaderLogManager
25-Feb-2026 09:49:12.503 INFO [main] org.apache.catalina.startup.VersionLoggerListener.log Command line argument: -Djdk.tls.ephemeralDHKeySize=2048
25-Feb-2026 09:49:12.503 INFO [main] org.apache.catalina.startup.VersionLoggerListener.log Command line argument: --add-opens=java.base/java.lang=ALL-UNNAMED
25-Feb-2026 09:49:12.503 INFO [main] org.apache.catalina.startup.VersionLoggerListener.log Command line argument: --add-opens=java.base/java.lang.reflect=ALL-UNNAMED
25-Feb-2026 09:49:12.504 INFO [main] org.apache.catalina.startup.VersionLoggerListener.log Command line argument: --add-opens=java.base/java.io=ALL-UNNAMED
25-Feb-2026 09:49:12.504 INFO [main] org.apache.catalina.startup.VersionLoggerListener.log Command line argument: --add-opens=java.base/java.util=ALL-UNNAMED
25-Feb-2026 09:49:12.504 INFO [main] org.apache.catalina.startup.VersionLoggerListener.log Command line argument: --add-opens=java.base/java.util.concurrent=ALL-UNNAMED
25-Feb-2026 09:49:12.504 INFO [main] org.apache.catalina.startup.VersionLoggerListener.log Command line argument: --add-opens=java.rmi/sun.rmi.transport=ALL-UNNAMED
25-Feb-2026 09:49:12.504 INFO [main] org.apache.catalina.startup.VersionLoggerListener.log Command line argument: --enable-native-access=ALL-UNNAMED
25-Feb-2026 09:49:12.504 INFO [main] org.apache.catalina.startup.VersionLoggerListener.log Command line argument: -Dcatalina.base=C:\Users\bachc\WebProjects\tomcat
25-Feb-2026 09:49:12.504 INFO [main] org.apache.catalina.startup.VersionLoggerListener.log Command line argument: -Dcatalina.home=C:\Users\bachc\WebProjects\tomcat
25-Feb-2026 09:49:12.504 INFO [main] org.apache.catalina.startup.VersionLoggerListener.log Command line argument: -Djava.io.tmpdir=C:\Users\bachc\WebProjects\tomcat\temp
25-Feb-2026 09:49:12.509 INFO [main] org.apache.catalina.core.AprLifecycleListener.lifecycleEvent The Apache Tomcat Native library which allows using OpenSSL was not found on the java.library.path: [C:\Program Files\Java\jdk-24\bin;C:\Windows\Sun\Java\bin;C:\Windows\system32;C:\Windows;C:\Program Files\Common Files\Oracle\Java\javapath;C:\Program Files (x86)\Common Files\Oracle\Java\java8path;C:\Program Files (x86)\Common Files\Oracle\Java\javapath;C:\Windows\system32;C:\Windows;C:\Windows\System32\Wbem;C:\Windows\System32\WindowsPowerShell\v1.0\;C:\Windows\System32\OpenSSH\;C:\Program Files (x86)\NVIDIA Corporation\PhysX\Common;C:\Program Files\PuTTY\;C:\Program Files\Microsoft VS Code\bin;C:\Program Files\NVIDIA Corporation\NVIDIA App\NvDLISR;C:\Program Files\Cloudflare\Cloudflare WARP\;C:\Users\bachc\AppData\Local\Microsoft\WindowsApps;C:\Users\bachc\AppData\Local\PowerToys\DSCModules\;.]
25-Feb-2026 09:49:12.707 INFO [main] org.apache.coyote.AbstractProtocol.init Initializing ProtocolHandler ["http-nio-9999"]
25-Feb-2026 09:49:12.732 INFO [main] org.apache.catalina.startup.Catalina.load Server initialization in [419] milliseconds
25-Feb-2026 09:49:12.778 INFO [main] org.apache.catalina.core.StandardService.startInternal Starting service [Catalina]
25-Feb-2026 09:49:12.779 INFO [main] org.apache.catalina.core.StandardEngine.startInternal Starting Servlet engine: [Apache Tomcat/11.0.18]
25-Feb-2026 09:49:12.787 INFO [main] org.apache.catalina.startup.HostConfig.deployDirectory Deploying web application directory [C:\Users\bachc\WebProjects\tomcat\webapps\docs]
25-Feb-2026 09:49:13.072 INFO [main] org.apache.catalina.startup.HostConfig.deployDirectory Deployment of web application directory [C:\Users\bachc\WebProjects\tomcat\webapps\docs] has finished in [284] ms
25-Feb-2026 09:49:13.073 INFO [main] org.apache.catalina.startup.HostConfig.deployDirectory Deploying web application directory [C:\Users\bachc\WebProjects\tomcat\webapps\examples]
25-Feb-2026 09:49:13.478 INFO [main] org.apache.catalina.startup.HostConfig.deployDirectory Deployment of web application directory [C:\Users\bachc\WebProjects\tomcat\webapps\examples] has finished in [405] ms
25-Feb-2026 09:49:13.478 INFO [main] org.apache.catalina.startup.HostConfig.deployDirectory Deploying web application directory [C:\Users\bachc\WebProjects\tomcat\webapps\host-manager]
25-Feb-2026 09:49:13.515 INFO [main] org.apache.catalina.startup.HostConfig.deployDirectory Deployment of web application directory [C:\Users\bachc\WebProjects\tomcat\webapps\host-manager] has finished in [37] ms
25-Feb-2026 09:49:13.516 INFO [main] org.apache.catalina.startup.HostConfig.deployDirectory Deploying web application directory [C:\Users\bachc\WebProjects\tomcat\webapps\manager]
25-Feb-2026 09:49:13.549 INFO [main] org.apache.catalina.startup.HostConfig.deployDirectory Deployment of web application directory [C:\Users\bachc\WebProjects\tomcat\webapps\manager] has finished in [33] ms
25-Feb-2026 09:49:13.550 INFO [main] org.apache.catalina.startup.HostConfig.deployDirectory Deploying web application directory [C:\Users\bachc\WebProjects\tomcat\webapps\ROOT]
25-Feb-2026 09:49:13.580 INFO [main] org.apache.catalina.startup.HostConfig.deployDirectory Deployment of web application directory [C:\Users\bachc\WebProjects\tomcat\webapps\ROOT] has finished in [29] ms
25-Feb-2026 09:49:13.581 INFO [main] org.apache.coyote.AbstractProtocol.start Starting ProtocolHandler ["http-nio-9999"]
25-Feb-2026 09:49:13.608 INFO [main] org.apache.catalina.startup.Catalina.start Server startup in [873] milliseconds
25-Feb-2026 09:53:03.109 INFO [Thread-1] org.apache.coyote.AbstractProtocol.pause Pausing ProtocolHandler ["http-nio-9999"]
25-Feb-2026 09:53:03.115 INFO [Thread-1] org.apache.catalina.core.StandardService.stopInternal Stopping service [Catalina]
25-Feb-2026 09:53:03.132 INFO [Thread-1] org.apache.coyote.AbstractProtocol.stop Stopping ProtocolHandler ["http-nio-9999"]
25-Feb-2026 09:53:03.138 INFO [Thread-1] org.apache.coyote.AbstractProtocol.destroy Destroying ProtocolHandler ["http-nio-9999"]
25-Feb-2026 11:06:01.724 INFO [main] org.apache.catalina.startup.VersionLoggerListener.log Server version name:   Apache Tomcat/11.0.18
25-Feb-2026 11:06:01.726 INFO [main] org.apache.catalina.startup.VersionLoggerListener.log Server built:          Jan 23 2026 10:22:57 UTC
25-Feb-2026 11:06:01.726 INFO [main] org.apache.catalina.startup.VersionLoggerListener.log Server version number: 11.0.18.0
25-Feb-2026 11:06:01.726 INFO [main] org.apache.catalina.startup.VersionLoggerListener.log OS Name:               Windows 11
25-Feb-2026 11:06:01.726 INFO [main] org.apache.catalina.startup.VersionLoggerListener.log OS Version:            10.0
25-Feb-2026 11:06:01.727 INFO [main] org.apache.catalina.startup.VersionLoggerListener.log Architecture:          amd64
25-Feb-2026 11:06:01.727 INFO [main] org.apache.catalina.startup.VersionLoggerListener.log Java Home:             C:\Program Files\Java\jdk-24
25-Feb-2026 11:06:01.727 INFO [main] org.apache.catalina.startup.VersionLoggerListener.log JVM Version:           24+36-3646
25-Feb-2026 11:06:01.727 INFO [main] org.apache.catalina.startup.VersionLoggerListener.log JVM Vendor:            Oracle Corporation
25-Feb-2026 11:06:01.727 INFO [main] org.apache.catalina.startup.VersionLoggerListener.log CATALINA_BASE:         C:\Users\bachc\WebProjects\tomcat
25-Feb-2026 11:06:01.727 INFO [main] org.apache.catalina.startup.VersionLoggerListener.log CATALINA_HOME:         C:\Users\bachc\WebProjects\tomcat
25-Feb-2026 11:06:01.736 INFO [main] org.apache.catalina.startup.VersionLoggerListener.log Command line argument: -Djava.util.logging.config.file=C:\Users\bachc\WebProjects\tomcat\conf\logging.properties
25-Feb-2026 11:06:01.736 INFO [main] org.apache.catalina.startup.VersionLoggerListener.log Command line argument: -Djava.util.logging.manager=org.apache.juli.ClassLoaderLogManager
25-Feb-2026 11:06:01.736 INFO [main] org.apache.catalina.startup.VersionLoggerListener.log Command line argument: -Djdk.tls.ephemeralDHKeySize=2048
25-Feb-2026 11:06:01.736 INFO [main] org.apache.catalina.startup.VersionLoggerListener.log Command line argument: --add-opens=java.base/java.lang=ALL-UNNAMED
25-Feb-2026 11:06:01.736 INFO [main] org.apache.catalina.startup.VersionLoggerListener.log Command line argument: --add-opens=java.base/java.lang.reflect=ALL-UNNAMED
25-Feb-2026 11:06:01.737 INFO [main] org.apache.catalina.startup.VersionLoggerListener.log Command line argument: --add-opens=java.base/java.io=ALL-UNNAMED
25-Feb-2026 11:06:01.737 INFO [main] org.apache.catalina.startup.VersionLoggerListener.log Command line argument: --add-opens=java.base/java.util=ALL-UNNAMED
25-Feb-2026 11:06:01.737 INFO [main] org.apache.catalina.startup.VersionLoggerListener.log Command line argument: --add-opens=java.base/java.util.concurrent=ALL-UNNAMED
25-Feb-2026 11:06:01.737 INFO [main] org.apache.catalina.startup.VersionLoggerListener.log Command line argument: --add-opens=java.rmi/sun.rmi.transport=ALL-UNNAMED
25-Feb-2026 11:06:01.737 INFO [main] org.apache.catalina.startup.VersionLoggerListener.log Command line argument: --enable-native-access=ALL-UNNAMED
25-Feb-2026 11:06:01.737 INFO [main] org.apache.catalina.startup.VersionLoggerListener.log Command line argument: -Dcatalina.base=C:\Users\bachc\WebProjects\tomcat
25-Feb-2026 11:06:01.737 INFO [main] org.apache.catalina.startup.VersionLoggerListener.log Command line argument: -Dcatalina.home=C:\Users\bachc\WebProjects\tomcat
25-Feb-2026 11:06:01.737 INFO [main] org.apache.catalina.startup.VersionLoggerListener.log Command line argument: -Djava.io.tmpdir=C:\Users\bachc\WebProjects\tomcat\temp
25-Feb-2026 11:06:01.742 INFO [main] org.apache.catalina.core.AprLifecycleListener.lifecycleEvent The Apache Tomcat Native library which allows using OpenSSL was not found on the java.library.path: [C:\Program Files\Java\jdk-24\bin;C:\Windows\Sun\Java\bin;C:\Windows\system32;C:\Windows;C:\Program Files\Common Files\Oracle\Java\javapath;C:\Program Files (x86)\Common Files\Oracle\Java\java8path;C:\Program Files (x86)\Common Files\Oracle\Java\javapath;C:\Windows\system32;C:\Windows;C:\Windows\System32\Wbem;C:\Windows\System32\WindowsPowerShell\v1.0\;C:\Windows\System32\OpenSSH\;C:\Program Files (x86)\NVIDIA Corporation\PhysX\Common;C:\Program Files\PuTTY\;C:\Program Files\Microsoft VS Code\bin;C:\Program Files\NVIDIA Corporation\NVIDIA App\NvDLISR;C:\Program Files\Cloudflare\Cloudflare WARP\;C:\Users\bachc\AppData\Local\Microsoft\WindowsApps;C:\Users\bachc\AppData\Local\PowerToys\DSCModules\;.]
25-Feb-2026 11:06:01.916 INFO [main] org.apache.coyote.AbstractProtocol.init Initializing ProtocolHandler ["http-nio-9999"]
25-Feb-2026 11:06:01.935 INFO [main] org.apache.catalina.startup.Catalina.load Server initialization in [349] milliseconds
25-Feb-2026 11:06:01.978 INFO [main] org.apache.catalina.core.StandardService.startInternal Starting service [Catalina]
25-Feb-2026 11:06:01.978 INFO [main] org.apache.catalina.core.StandardEngine.startInternal Starting Servlet engine: [Apache Tomcat/11.0.18]
25-Feb-2026 11:06:01.985 INFO [main] org.apache.catalina.startup.HostConfig.deployDirectory Deploying web application directory [C:\Users\bachc\WebProjects\tomcat\webapps\docs]
25-Feb-2026 11:06:02.222 INFO [main] org.apache.catalina.startup.HostConfig.deployDirectory Deployment of web application directory [C:\Users\bachc\WebProjects\tomcat\webapps\docs] has finished in [236] ms
25-Feb-2026 11:06:02.222 INFO [main] org.apache.catalina.startup.HostConfig.deployDirectory Deploying web application directory [C:\Users\bachc\WebProjects\tomcat\webapps\examples]
25-Feb-2026 11:06:02.543 INFO [main] org.apache.catalina.startup.HostConfig.deployDirectory Deployment of web application directory [C:\Users\bachc\WebProjects\tomcat\webapps\examples] has finished in [321] ms
25-Feb-2026 11:06:02.543 INFO [main] org.apache.catalina.startup.HostConfig.deployDirectory Deploying web application directory [C:\Users\bachc\WebProjects\tomcat\webapps\hello]
25-Feb-2026 11:06:02.571 INFO [main] org.apache.catalina.startup.HostConfig.deployDirectory Deployment of web application directory [C:\Users\bachc\WebProjects\tomcat\webapps\hello] has finished in [28] ms
25-Feb-2026 11:06:02.571 INFO [main] org.apache.catalina.startup.HostConfig.deployDirectory Deploying web application directory [C:\Users\bachc\WebProjects\tomcat\webapps\host-manager]
25-Feb-2026 11:06:02.604 INFO [main] org.apache.catalina.startup.HostConfig.deployDirectory Deployment of web application directory [C:\Users\bachc\WebProjects\tomcat\webapps\host-manager] has finished in [32] ms
25-Feb-2026 11:06:02.604 INFO [main] org.apache.catalina.startup.HostConfig.deployDirectory Deploying web application directory [C:\Users\bachc\WebProjects\tomcat\webapps\manager]
25-Feb-2026 11:06:02.631 INFO [main] org.apache.catalina.startup.HostConfig.deployDirectory Deployment of web application directory [C:\Users\bachc\WebProjects\tomcat\webapps\manager] has finished in [26] ms
25-Feb-2026 11:06:02.631 INFO [main] org.apache.catalina.startup.HostConfig.deployDirectory Deploying web application directory [C:\Users\bachc\WebProjects\tomcat\webapps\ROOT]
25-Feb-2026 11:06:02.653 INFO [main] org.apache.catalina.startup.HostConfig.deployDirectory Deployment of web application directory [C:\Users\bachc\WebProjects\tomcat\webapps\ROOT] has finished in [22] ms
25-Feb-2026 11:06:02.654 INFO [main] org.apache.coyote.AbstractProtocol.start Starting ProtocolHandler ["http-nio-9999"]
25-Feb-2026 11:06:02.675 INFO [main] org.apache.catalina.startup.Catalina.start Server startup in [737] milliseconds
25-Feb-2026 11:35:25.004 INFO [Thread-1] org.apache.coyote.AbstractProtocol.pause Pausing ProtocolHandler ["http-nio-9999"]
25-Feb-2026 11:35:25.008 INFO [Thread-1] org.apache.catalina.core.StandardService.stopInternal Stopping service [Catalina]
25-Feb-2026 11:35:25.023 INFO [Thread-1] org.apache.coyote.AbstractProtocol.stop Stopping ProtocolHandler ["http-nio-9999"]
25-Feb-2026 11:35:25.032 INFO [Thread-1] org.apache.coyote.AbstractProtocol.destroy Destroying ProtocolHandler ["http-nio-9999"]
25-Feb-2026 11:35:43.575 INFO [main] org.apache.catalina.startup.VersionLoggerListener.log Server version name:   Apache Tomcat/11.0.18
25-Feb-2026 11:35:43.578 INFO [main] org.apache.catalina.startup.VersionLoggerListener.log Server built:          Jan 23 2026 10:22:57 UTC
25-Feb-2026 11:35:43.578 INFO [main] org.apache.catalina.startup.VersionLoggerListener.log Server version number: 11.0.18.0
25-Feb-2026 11:35:43.578 INFO [main] org.apache.catalina.startup.VersionLoggerListener.log OS Name:               Windows 11
25-Feb-2026 11:35:43.579 INFO [main] org.apache.catalina.startup.VersionLoggerListener.log OS Version:            10.0
25-Feb-2026 11:35:43.579 INFO [main] org.apache.catalina.startup.VersionLoggerListener.log Architecture:          amd64
25-Feb-2026 11:35:43.579 INFO [main] org.apache.catalina.startup.VersionLoggerListener.log Java Home:             C:\Program Files\Java\jdk-24
25-Feb-2026 11:35:43.579 INFO [main] org.apache.catalina.startup.VersionLoggerListener.log JVM Version:           24+36-3646
25-Feb-2026 11:35:43.579 INFO [main] org.apache.catalina.startup.VersionLoggerListener.log JVM Vendor:            Oracle Corporation
25-Feb-2026 11:35:43.579 INFO [main] org.apache.catalina.startup.VersionLoggerListener.log CATALINA_BASE:         C:\Users\bachc\WebProjects\tomcat
25-Feb-2026 11:35:43.579 INFO [main] org.apache.catalina.startup.VersionLoggerListener.log CATALINA_HOME:         C:\Users\bachc\WebProjects\tomcat
25-Feb-2026 11:35:43.587 INFO [main] org.apache.catalina.startup.VersionLoggerListener.log Command line argument: -Djava.util.logging.config.file=C:\Users\bachc\WebProjects\tomcat\conf\logging.properties
25-Feb-2026 11:35:43.587 INFO [main] org.apache.catalina.startup.VersionLoggerListener.log Command line argument: -Djava.util.logging.manager=org.apache.juli.ClassLoaderLogManager
25-Feb-2026 11:35:43.587 INFO [main] org.apache.catalina.startup.VersionLoggerListener.log Command line argument: -Djdk.tls.ephemeralDHKeySize=2048
25-Feb-2026 11:35:43.587 INFO [main] org.apache.catalina.startup.VersionLoggerListener.log Command line argument: --add-opens=java.base/java.lang=ALL-UNNAMED
25-Feb-2026 11:35:43.587 INFO [main] org.apache.catalina.startup.VersionLoggerListener.log Command line argument: --add-opens=java.base/java.lang.reflect=ALL-UNNAMED
25-Feb-2026 11:35:43.587 INFO [main] org.apache.catalina.startup.VersionLoggerListener.log Command line argument: --add-opens=java.base/java.io=ALL-UNNAMED
25-Feb-2026 11:35:43.587 INFO [main] org.apache.catalina.startup.VersionLoggerListener.log Command line argument: --add-opens=java.base/java.util=ALL-UNNAMED
25-Feb-2026 11:35:43.587 INFO [main] org.apache.catalina.startup.VersionLoggerListener.log Command line argument: --add-opens=java.base/java.util.concurrent=ALL-UNNAMED
25-Feb-2026 11:35:43.588 INFO [main] org.apache.catalina.startup.VersionLoggerListener.log Command line argument: --add-opens=java.rmi/sun.rmi.transport=ALL-UNNAMED
25-Feb-2026 11:35:43.588 INFO [main] org.apache.catalina.startup.VersionLoggerListener.log Command line argument: --enable-native-access=ALL-UNNAMED
25-Feb-2026 11:35:43.588 INFO [main] org.apache.catalina.startup.VersionLoggerListener.log Command line argument: -Dcatalina.base=C:\Users\bachc\WebProjects\tomcat
25-Feb-2026 11:35:43.588 INFO [main] org.apache.catalina.startup.VersionLoggerListener.log Command line argument: -Dcatalina.home=C:\Users\bachc\WebProjects\tomcat
25-Feb-2026 11:35:43.588 INFO [main] org.apache.catalina.startup.VersionLoggerListener.log Command line argument: -Djava.io.tmpdir=C:\Users\bachc\WebProjects\tomcat\temp
25-Feb-2026 11:35:43.592 INFO [main] org.apache.catalina.core.AprLifecycleListener.lifecycleEvent The Apache Tomcat Native library which allows using OpenSSL was not found on the java.library.path: [C:\Program Files\Java\jdk-24\bin;C:\Windows\Sun\Java\bin;C:\Windows\system32;C:\Windows;C:\Program Files\Common Files\Oracle\Java\javapath;C:\Program Files (x86)\Common Files\Oracle\Java\java8path;C:\Program Files (x86)\Common Files\Oracle\Java\javapath;C:\Windows\system32;C:\Windows;C:\Windows\System32\Wbem;C:\Windows\System32\WindowsPowerShell\v1.0\;C:\Windows\System32\OpenSSH\;C:\Program Files (x86)\NVIDIA Corporation\PhysX\Common;C:\Program Files\PuTTY\;C:\Program Files\Microsoft VS Code\bin;C:\Program Files\NVIDIA Corporation\NVIDIA App\NvDLISR;C:\Program Files\Cloudflare\Cloudflare WARP\;C:\Users\bachc\AppData\Local\Microsoft\WindowsApps;C:\Users\bachc\AppData\Local\PowerToys\DSCModules\;.]
25-Feb-2026 11:35:43.761 INFO [main] org.apache.coyote.AbstractProtocol.init Initializing ProtocolHandler ["http-nio-9999"]
25-Feb-2026 11:35:43.779 INFO [main] org.apache.catalina.startup.Catalina.load Server initialization in [341] milliseconds
25-Feb-2026 11:35:43.820 INFO [main] org.apache.catalina.core.StandardService.startInternal Starting service [Catalina]
25-Feb-2026 11:35:43.820 INFO [main] org.apache.catalina.core.StandardEngine.startInternal Starting Servlet engine: [Apache Tomcat/11.0.18]
25-Feb-2026 11:35:43.827 INFO [main] org.apache.catalina.startup.HostConfig.deployDirectory Deploying web application directory [C:\Users\bachc\WebProjects\tomcat\webapps\docs]
25-Feb-2026 11:35:44.077 INFO [main] org.apache.catalina.startup.HostConfig.deployDirectory Deployment of web application directory [C:\Users\bachc\WebProjects\tomcat\webapps\docs] has finished in [249] ms
25-Feb-2026 11:35:44.077 INFO [main] org.apache.catalina.startup.HostConfig.deployDirectory Deploying web application directory [C:\Users\bachc\WebProjects\tomcat\webapps\examples]
25-Feb-2026 11:35:44.410 INFO [main] org.apache.catalina.startup.HostConfig.deployDirectory Deployment of web application directory [C:\Users\bachc\WebProjects\tomcat\webapps\examples] has finished in [333] ms
25-Feb-2026 11:35:44.410 INFO [main] org.apache.catalina.startup.HostConfig.deployDirectory Deploying web application directory [C:\Users\bachc\WebProjects\tomcat\webapps\hello]
25-Feb-2026 11:35:44.444 INFO [main] org.apache.catalina.startup.HostConfig.deployDirectory Deployment of web application directory [C:\Users\bachc\WebProjects\tomcat\webapps\hello] has finished in [34] ms
25-Feb-2026 11:35:44.444 INFO [main] org.apache.catalina.startup.HostConfig.deployDirectory Deploying web application directory [C:\Users\bachc\WebProjects\tomcat\webapps\host-manager]
25-Feb-2026 11:35:44.475 INFO [main] org.apache.catalina.startup.HostConfig.deployDirectory Deployment of web application directory [C:\Users\bachc\WebProjects\tomcat\webapps\host-manager] has finished in [31] ms
25-Feb-2026 11:35:44.475 INFO [main] org.apache.catalina.startup.HostConfig.deployDirectory Deploying web application directory [C:\Users\bachc\WebProjects\tomcat\webapps\manager]
25-Feb-2026 11:35:44.501 INFO [main] org.apache.catalina.startup.HostConfig.deployDirectory Deployment of web application directory [C:\Users\bachc\WebProjects\tomcat\webapps\manager] has finished in [26] ms
25-Feb-2026 11:35:44.502 INFO [main] org.apache.catalina.startup.HostConfig.deployDirectory Deploying web application directory [C:\Users\bachc\WebProjects\tomcat\webapps\ROOT]
25-Feb-2026 11:35:44.522 INFO [main] org.apache.catalina.startup.HostConfig.deployDirectory Deployment of web application directory [C:\Users\bachc\WebProjects\tomcat\webapps\ROOT] has finished in [20] ms
25-Feb-2026 11:35:44.524 INFO [main] org.apache.coyote.AbstractProtocol.start Starting ProtocolHandler ["http-nio-9999"]
25-Feb-2026 11:35:44.542 INFO [main] org.apache.catalina.startup.Catalina.start Server startup in [760] milliseconds
25-Feb-2026 11:39:15.124 INFO [Catalina-utility-2] org.apache.catalina.core.StandardContext.reload Reloading Context with name [/hello] has started
25-Feb-2026 11:39:15.162 INFO [Catalina-utility-2] org.apache.catalina.core.StandardContext.reload Reloading Context with name [/hello] is completed
25-Feb-2026 11:43:45.907 INFO [Catalina-utility-1] org.apache.catalina.core.StandardContext.reload Reloading Context with name [/hello] has started
25-Feb-2026 11:43:45.939 INFO [Catalina-utility-1] org.apache.catalina.core.StandardContext.reload Reloading Context with name [/hello] is completed
25-Feb-2026 11:49:43.389 INFO [Thread-1] org.apache.coyote.AbstractProtocol.pause Pausing ProtocolHandler ["http-nio-9999"]
25-Feb-2026 11:49:43.395 INFO [Thread-1] org.apache.catalina.core.StandardService.stopInternal Stopping service [Catalina]
25-Feb-2026 11:49:43.406 INFO [Thread-1] org.apache.coyote.AbstractProtocol.stop Stopping ProtocolHandler ["http-nio-9999"]
25-Feb-2026 11:49:43.419 INFO [Thread-1] org.apache.coyote.AbstractProtocol.destroy Destroying ProtocolHandler ["http-nio-9999"]
25-Feb-2026 11:50:45.680 INFO [main] org.apache.catalina.startup.VersionLoggerListener.log Server version name:   Apache Tomcat/11.0.18
25-Feb-2026 11:50:45.682 INFO [main] org.apache.catalina.startup.VersionLoggerListener.log Server built:          Jan 23 2026 10:22:57 UTC
25-Feb-2026 11:50:45.682 INFO [main] org.apache.catalina.startup.VersionLoggerListener.log Server version number: 11.0.18.0
25-Feb-2026 11:50:45.683 INFO [main] org.apache.catalina.startup.VersionLoggerListener.log OS Name:               Windows 11
25-Feb-2026 11:50:45.683 INFO [main] org.apache.catalina.startup.VersionLoggerListener.log OS Version:            10.0
25-Feb-2026 11:50:45.683 INFO [main] org.apache.catalina.startup.VersionLoggerListener.log Architecture:          amd64
25-Feb-2026 11:50:45.683 INFO [main] org.apache.catalina.startup.VersionLoggerListener.log Java Home:             C:\Program Files\Java\jdk-24
25-Feb-2026 11:50:45.683 INFO [main] org.apache.catalina.startup.VersionLoggerListener.log JVM Version:           24+36-3646
25-Feb-2026 11:50:45.683 INFO [main] org.apache.catalina.startup.VersionLoggerListener.log JVM Vendor:            Oracle Corporation
25-Feb-2026 11:50:45.683 INFO [main] org.apache.catalina.startup.VersionLoggerListener.log CATALINA_BASE:         C:\Users\bachc\WebProjects\tomcat
25-Feb-2026 11:50:45.683 INFO [main] org.apache.catalina.startup.VersionLoggerListener.log CATALINA_HOME:         C:\Users\bachc\WebProjects\tomcat
25-Feb-2026 11:50:45.691 INFO [main] org.apache.catalina.startup.VersionLoggerListener.log Command line argument: -Djava.util.logging.config.file=C:\Users\bachc\WebProjects\tomcat\conf\logging.properties
25-Feb-2026 11:50:45.691 INFO [main] org.apache.catalina.startup.VersionLoggerListener.log Command line argument: -Djava.util.logging.manager=org.apache.juli.ClassLoaderLogManager
25-Feb-2026 11:50:45.691 INFO [main] org.apache.catalina.startup.VersionLoggerListener.log Command line argument: -Djdk.tls.ephemeralDHKeySize=2048
25-Feb-2026 11:50:45.691 INFO [main] org.apache.catalina.startup.VersionLoggerListener.log Command line argument: --add-opens=java.base/java.lang=ALL-UNNAMED
25-Feb-2026 11:50:45.691 INFO [main] org.apache.catalina.startup.VersionLoggerListener.log Command line argument: --add-opens=java.base/java.lang.reflect=ALL-UNNAMED
25-Feb-2026 11:50:45.691 INFO [main] org.apache.catalina.startup.VersionLoggerListener.log Command line argument: --add-opens=java.base/java.io=ALL-UNNAMED
25-Feb-2026 11:50:45.691 INFO [main] org.apache.catalina.startup.VersionLoggerListener.log Command line argument: --add-opens=java.base/java.util=ALL-UNNAMED
25-Feb-2026 11:50:45.692 INFO [main] org.apache.catalina.startup.VersionLoggerListener.log Command line argument: --add-opens=java.base/java.util.concurrent=ALL-UNNAMED
25-Feb-2026 11:50:45.692 INFO [main] org.apache.catalina.startup.VersionLoggerListener.log Command line argument: --add-opens=java.rmi/sun.rmi.transport=ALL-UNNAMED
25-Feb-2026 11:50:45.692 INFO [main] org.apache.catalina.startup.VersionLoggerListener.log Command line argument: --enable-native-access=ALL-UNNAMED
25-Feb-2026 11:50:45.692 INFO [main] org.apache.catalina.startup.VersionLoggerListener.log Command line argument: -Dcatalina.base=C:\Users\bachc\WebProjects\tomcat
25-Feb-2026 11:50:45.692 INFO [main] org.apache.catalina.startup.VersionLoggerListener.log Command line argument: -Dcatalina.home=C:\Users\bachc\WebProjects\tomcat
25-Feb-2026 11:50:45.692 INFO [main] org.apache.catalina.startup.VersionLoggerListener.log Command line argument: -Djava.io.tmpdir=C:\Users\bachc\WebProjects\tomcat\temp
25-Feb-2026 11:50:45.697 INFO [main] org.apache.catalina.core.AprLifecycleListener.lifecycleEvent The Apache Tomcat Native library which allows using OpenSSL was not found on the java.library.path: [C:\Program Files\Java\jdk-24\bin;C:\Windows\Sun\Java\bin;C:\Windows\system32;C:\Windows;C:\Program Files\Common Files\Oracle\Java\javapath;C:\Program Files (x86)\Common Files\Oracle\Java\java8path;C:\Program Files (x86)\Common Files\Oracle\Java\javapath;C:\Windows\system32;C:\Windows;C:\Windows\System32\Wbem;C:\Windows\System32\WindowsPowerShell\v1.0\;C:\Windows\System32\OpenSSH\;C:\Program Files (x86)\NVIDIA Corporation\PhysX\Common;C:\Program Files\PuTTY\;C:\Program Files\Microsoft VS Code\bin;C:\Program Files\NVIDIA Corporation\NVIDIA App\NvDLISR;C:\Program Files\Cloudflare\Cloudflare WARP\;C:\Users\bachc\AppData\Local\Microsoft\WindowsApps;C:\Users\bachc\AppData\Local\PowerToys\DSCModules\;.]
25-Feb-2026 11:50:45.861 INFO [main] org.apache.coyote.AbstractProtocol.init Initializing ProtocolHandler ["http-nio-9999"]
25-Feb-2026 11:50:45.880 INFO [main] org.apache.catalina.startup.Catalina.load Server initialization in [343] milliseconds
25-Feb-2026 11:50:45.923 INFO [main] org.apache.catalina.core.StandardService.startInternal Starting service [Catalina]
25-Feb-2026 11:50:45.923 INFO [main] org.apache.catalina.core.StandardEngine.startInternal Starting Servlet engine: [Apache Tomcat/11.0.18]
25-Feb-2026 11:50:45.931 INFO [main] org.apache.catalina.startup.HostConfig.deployDirectory Deploying web application directory [C:\Users\bachc\WebProjects\tomcat\webapps\docs]
25-Feb-2026 11:50:46.354 INFO [main] org.apache.jasper.servlet.TldScanner.scanJars At least one JAR was scanned for TLDs yet contained no TLDs. Enable debug logging for this logger for a complete list of JARs that were scanned but no TLDs were found in them. Skipping unneeded JARs during scanning can improve startup time and JSP compilation time.
25-Feb-2026 11:50:46.398 INFO [main] org.apache.catalina.startup.HostConfig.deployDirectory Deployment of web application directory [C:\Users\bachc\WebProjects\tomcat\webapps\docs] has finished in [467] ms
25-Feb-2026 11:50:46.399 INFO [main] org.apache.catalina.startup.HostConfig.deployDirectory Deploying web application directory [C:\Users\bachc\WebProjects\tomcat\webapps\examples]
25-Feb-2026 11:50:46.759 INFO [main] org.apache.jasper.servlet.TldScanner.scanJars At least one JAR was scanned for TLDs yet contained no TLDs. Enable debug logging for this logger for a complete list of JARs that were scanned but no TLDs were found in them. Skipping unneeded JARs during scanning can improve startup time and JSP compilation time.
25-Feb-2026 11:50:46.817 INFO [main] org.apache.catalina.startup.HostConfig.deployDirectory Deployment of web application directory [C:\Users\bachc\WebProjects\tomcat\webapps\examples] has finished in [418] ms
25-Feb-2026 11:50:46.818 INFO [main] org.apache.catalina.startup.HostConfig.deployDirectory Deploying web application directory [C:\Users\bachc\WebProjects\tomcat\webapps\hello]
25-Feb-2026 11:50:47.000 INFO [main] org.apache.jasper.servlet.TldScanner.scanJars At least one JAR was scanned for TLDs yet contained no TLDs. Enable debug logging for this logger for a complete list of JARs that were scanned but no TLDs were found in them. Skipping unneeded JARs during scanning can improve startup time and JSP compilation time.
25-Feb-2026 11:50:47.005 INFO [main] org.apache.catalina.startup.HostConfig.deployDirectory Deployment of web application directory [C:\Users\bachc\WebProjects\tomcat\webapps\hello] has finished in [187] ms
25-Feb-2026 11:50:47.005 INFO [main] org.apache.catalina.startup.HostConfig.deployDirectory Deploying web application directory [C:\Users\bachc\WebProjects\tomcat\webapps\host-manager]
25-Feb-2026 11:50:47.164 INFO [main] org.apache.jasper.servlet.TldScanner.scanJars At least one JAR was scanned for TLDs yet contained no TLDs. Enable debug logging for this logger for a complete list of JARs that were scanned but no TLDs were found in them. Skipping unneeded JARs during scanning can improve startup time and JSP compilation time.
25-Feb-2026 11:50:47.174 INFO [main] org.apache.catalina.startup.HostConfig.deployDirectory Deployment of web application directory [C:\Users\bachc\WebProjects\tomcat\webapps\host-manager] has finished in [169] ms
25-Feb-2026 11:50:47.174 INFO [main] org.apache.catalina.startup.HostConfig.deployDirectory Deploying web application directory [C:\Users\bachc\WebProjects\tomcat\webapps\manager]
25-Feb-2026 11:50:47.333 INFO [main] org.apache.jasper.servlet.TldScanner.scanJars At least one JAR was scanned for TLDs yet contained no TLDs. Enable debug logging for this logger for a complete list of JARs that were scanned but no TLDs were found in them. Skipping unneeded JARs during scanning can improve startup time and JSP compilation time.
25-Feb-2026 11:50:47.337 INFO [main] org.apache.catalina.startup.HostConfig.deployDirectory Deployment of web application directory [C:\Users\bachc\WebProjects\tomcat\webapps\manager] has finished in [163] ms
25-Feb-2026 11:50:47.337 INFO [main] org.apache.catalina.startup.HostConfig.deployDirectory Deploying web application directory [C:\Users\bachc\WebProjects\tomcat\webapps\ROOT]
25-Feb-2026 11:50:47.471 INFO [main] org.apache.jasper.servlet.TldScanner.scanJars At least one JAR was scanned for TLDs yet contained no TLDs. Enable debug logging for this logger for a complete list of JARs that were scanned but no TLDs were found in them. Skipping unneeded JARs during scanning can improve startup time and JSP compilation time.
25-Feb-2026 11:50:47.475 INFO [main] org.apache.catalina.startup.HostConfig.deployDirectory Deployment of web application directory [C:\Users\bachc\WebProjects\tomcat\webapps\ROOT] has finished in [138] ms
25-Feb-2026 11:50:47.478 INFO [main] org.apache.coyote.AbstractProtocol.start Starting ProtocolHandler ["http-nio-9999"]
25-Feb-2026 11:50:47.497 INFO [main] org.apache.catalina.startup.Catalina.start Server startup in [1615] milliseconds
25-Feb-2026 12:09:45.678 INFO [Thread-1] org.apache.coyote.AbstractProtocol.pause Pausing ProtocolHandler ["http-nio-9999"]
25-Feb-2026 12:09:45.684 INFO [Thread-1] org.apache.catalina.core.StandardService.stopInternal Stopping service [Catalina]
25-Feb-2026 12:09:45.706 INFO [Thread-1] org.apache.coyote.AbstractProtocol.stop Stopping ProtocolHandler ["http-nio-9999"]
25-Feb-2026 12:09:45.718 INFO [Thread-1] org.apache.coyote.AbstractProtocol.destroy Destroying ProtocolHandler ["http-nio-9999"]
25-Feb-2026 12:10:27.273 INFO [main] org.apache.catalina.startup.VersionLoggerListener.log Server version name:   Apache Tomcat/11.0.18
25-Feb-2026 12:10:27.277 INFO [main] org.apache.catalina.startup.VersionLoggerListener.log Server built:          Jan 23 2026 10:22:57 UTC
25-Feb-2026 12:10:27.277 INFO [main] org.apache.catalina.startup.VersionLoggerListener.log Server version number: 11.0.18.0
25-Feb-2026 12:10:27.277 INFO [main] org.apache.catalina.startup.VersionLoggerListener.log OS Name:               Windows 11
25-Feb-2026 12:10:27.277 INFO [main] org.apache.catalina.startup.VersionLoggerListener.log OS Version:            10.0
25-Feb-2026 12:10:27.277 INFO [main] org.apache.catalina.startup.VersionLoggerListener.log Architecture:          amd64
25-Feb-2026 12:10:27.278 INFO [main] org.apache.catalina.startup.VersionLoggerListener.log Java Home:             C:\Program Files\Java\jdk-24
25-Feb-2026 12:10:27.278 INFO [main] org.apache.catalina.startup.VersionLoggerListener.log JVM Version:           24+36-3646
25-Feb-2026 12:10:27.278 INFO [main] org.apache.catalina.startup.VersionLoggerListener.log JVM Vendor:            Oracle Corporation
25-Feb-2026 12:10:27.278 INFO [main] org.apache.catalina.startup.VersionLoggerListener.log CATALINA_BASE:         C:\Users\bachc\WebProjects\tomcat
25-Feb-2026 12:10:27.278 INFO [main] org.apache.catalina.startup.VersionLoggerListener.log CATALINA_HOME:         C:\Users\bachc\WebProjects\tomcat
25-Feb-2026 12:10:27.285 INFO [main] org.apache.catalina.startup.VersionLoggerListener.log Command line argument: -Djava.util.logging.config.file=C:\Users\bachc\WebProjects\tomcat\conf\logging.properties
25-Feb-2026 12:10:27.285 INFO [main] org.apache.catalina.startup.VersionLoggerListener.log Command line argument: -Djava.util.logging.manager=org.apache.juli.ClassLoaderLogManager
25-Feb-2026 12:10:27.285 INFO [main] org.apache.catalina.startup.VersionLoggerListener.log Command line argument: -Djdk.tls.ephemeralDHKeySize=2048
25-Feb-2026 12:10:27.285 INFO [main] org.apache.catalina.startup.VersionLoggerListener.log Command line argument: --add-opens=java.base/java.lang=ALL-UNNAMED
25-Feb-2026 12:10:27.286 INFO [main] org.apache.catalina.startup.VersionLoggerListener.log Command line argument: --add-opens=java.base/java.lang.reflect=ALL-UNNAMED
25-Feb-2026 12:10:27.286 INFO [main] org.apache.catalina.startup.VersionLoggerListener.log Command line argument: --add-opens=java.base/java.io=ALL-UNNAMED
25-Feb-2026 12:10:27.286 INFO [main] org.apache.catalina.startup.VersionLoggerListener.log Command line argument: --add-opens=java.base/java.util=ALL-UNNAMED
25-Feb-2026 12:10:27.286 INFO [main] org.apache.catalina.startup.VersionLoggerListener.log Command line argument: --add-opens=java.base/java.util.concurrent=ALL-UNNAMED
25-Feb-2026 12:10:27.286 INFO [main] org.apache.catalina.startup.VersionLoggerListener.log Command line argument: --add-opens=java.rmi/sun.rmi.transport=ALL-UNNAMED
25-Feb-2026 12:10:27.286 INFO [main] org.apache.catalina.startup.VersionLoggerListener.log Command line argument: --enable-native-access=ALL-UNNAMED
25-Feb-2026 12:10:27.286 INFO [main] org.apache.catalina.startup.VersionLoggerListener.log Command line argument: -Dcatalina.base=C:\Users\bachc\WebProjects\tomcat
25-Feb-2026 12:10:27.287 INFO [main] org.apache.catalina.startup.VersionLoggerListener.log Command line argument: -Dcatalina.home=C:\Users\bachc\WebProjects\tomcat
25-Feb-2026 12:10:27.287 INFO [main] org.apache.catalina.startup.VersionLoggerListener.log Command line argument: -Djava.io.tmpdir=C:\Users\bachc\WebProjects\tomcat\temp
25-Feb-2026 12:10:27.290 INFO [main] org.apache.catalina.core.AprLifecycleListener.lifecycleEvent The Apache Tomcat Native library which allows using OpenSSL was not found on the java.library.path: [C:\Program Files\Java\jdk-24\bin;C:\Windows\Sun\Java\bin;C:\Windows\system32;C:\Windows;C:\Program Files\Common Files\Oracle\Java\javapath;C:\Program Files (x86)\Common Files\Oracle\Java\java8path;C:\Program Files (x86)\Common Files\Oracle\Java\javapath;C:\Windows\system32;C:\Windows;C:\Windows\System32\Wbem;C:\Windows\System32\WindowsPowerShell\v1.0\;C:\Windows\System32\OpenSSH\;C:\Program Files (x86)\NVIDIA Corporation\PhysX\Common;C:\Program Files\PuTTY\;C:\Program Files\Microsoft VS Code\bin;C:\Program Files\NVIDIA Corporation\NVIDIA App\NvDLISR;C:\Program Files\Cloudflare\Cloudflare WARP\;C:\Users\bachc\AppData\Local\Microsoft\WindowsApps;C:\Users\bachc\AppData\Local\PowerToys\DSCModules\;.]
25-Feb-2026 12:10:27.458 INFO [main] org.apache.coyote.AbstractProtocol.init Initializing ProtocolHandler ["http-nio-9999"]
25-Feb-2026 12:10:27.477 INFO [main] org.apache.catalina.startup.Catalina.load Server initialization in [336] milliseconds
25-Feb-2026 12:10:27.524 INFO [main] org.apache.catalina.core.StandardService.startInternal Starting service [Catalina]
25-Feb-2026 12:10:27.524 INFO [main] org.apache.catalina.core.StandardEngine.startInternal Starting Servlet engine: [Apache Tomcat/11.0.18]
25-Feb-2026 12:10:27.531 INFO [main] org.apache.catalina.startup.HostConfig.deployDirectory Deploying web application directory [C:\Users\bachc\WebProjects\tomcat\webapps\docs]
25-Feb-2026 12:10:27.904 INFO [main] org.apache.jasper.servlet.TldScanner.scanJars At least one JAR was scanned for TLDs yet contained no TLDs. Enable debug logging for this logger for a complete list of JARs that were scanned but no TLDs were found in them. Skipping unneeded JARs during scanning can improve startup time and JSP compilation time.
25-Feb-2026 12:10:27.949 INFO [main] org.apache.catalina.startup.HostConfig.deployDirectory Deployment of web application directory [C:\Users\bachc\WebProjects\tomcat\webapps\docs] has finished in [417] ms
25-Feb-2026 12:10:27.950 INFO [main] org.apache.catalina.startup.HostConfig.deployDirectory Deploying web application directory [C:\Users\bachc\WebProjects\tomcat\webapps\examples]
25-Feb-2026 12:10:28.302 INFO [main] org.apache.jasper.servlet.TldScanner.scanJars At least one JAR was scanned for TLDs yet contained no TLDs. Enable debug logging for this logger for a complete list of JARs that were scanned but no TLDs were found in them. Skipping unneeded JARs during scanning can improve startup time and JSP compilation time.
25-Feb-2026 12:10:28.356 INFO [main] org.apache.catalina.startup.HostConfig.deployDirectory Deployment of web application directory [C:\Users\bachc\WebProjects\tomcat\webapps\examples] has finished in [407] ms
25-Feb-2026 12:10:28.357 INFO [main] org.apache.catalina.startup.HostConfig.deployDirectory Deploying web application directory [C:\Users\bachc\WebProjects\tomcat\webapps\hello]
25-Feb-2026 12:10:28.534 INFO [main] org.apache.jasper.servlet.TldScanner.scanJars At least one JAR was scanned for TLDs yet contained no TLDs. Enable debug logging for this logger for a complete list of JARs that were scanned but no TLDs were found in them. Skipping unneeded JARs during scanning can improve startup time and JSP compilation time.
25-Feb-2026 12:10:28.542 INFO [main] org.apache.catalina.startup.HostConfig.deployDirectory Deployment of web application directory [C:\Users\bachc\WebProjects\tomcat\webapps\hello] has finished in [185] ms
25-Feb-2026 12:10:28.542 INFO [main] org.apache.catalina.startup.HostConfig.deployDirectory Deploying web application directory [C:\Users\bachc\WebProjects\tomcat\webapps\host-manager]
25-Feb-2026 12:10:28.699 INFO [main] org.apache.jasper.servlet.TldScanner.scanJars At least one JAR was scanned for TLDs yet contained no TLDs. Enable debug logging for this logger for a complete list of JARs that were scanned but no TLDs were found in them. Skipping unneeded JARs during scanning can improve startup time and JSP compilation time.
25-Feb-2026 12:10:28.708 INFO [main] org.apache.catalina.startup.HostConfig.deployDirectory Deployment of web application directory [C:\Users\bachc\WebProjects\tomcat\webapps\host-manager] has finished in [165] ms
25-Feb-2026 12:10:28.708 INFO [main] org.apache.catalina.startup.HostConfig.deployDirectory Deploying web application directory [C:\Users\bachc\WebProjects\tomcat\webapps\manager]
25-Feb-2026 12:10:28.863 INFO [main] org.apache.jasper.servlet.TldScanner.scanJars At least one JAR was scanned for TLDs yet contained no TLDs. Enable debug logging for this logger for a complete list of JARs that were scanned but no TLDs were found in them. Skipping unneeded JARs during scanning can improve startup time and JSP compilation time.
25-Feb-2026 12:10:28.867 INFO [main] org.apache.catalina.startup.HostConfig.deployDirectory Deployment of web application directory [C:\Users\bachc\WebProjects\tomcat\webapps\manager] has finished in [159] ms
25-Feb-2026 12:10:28.867 INFO [main] org.apache.catalina.startup.HostConfig.deployDirectory Deploying web application directory [C:\Users\bachc\WebProjects\tomcat\webapps\ROOT]
25-Feb-2026 12:10:29.004 INFO [main] org.apache.jasper.servlet.TldScanner.scanJars At least one JAR was scanned for TLDs yet contained no TLDs. Enable debug logging for this logger for a complete list of JARs that were scanned but no TLDs were found in them. Skipping unneeded JARs during scanning can improve startup time and JSP compilation time.
25-Feb-2026 12:10:29.008 INFO [main] org.apache.catalina.startup.HostConfig.deployDirectory Deployment of web application directory [C:\Users\bachc\WebProjects\tomcat\webapps\ROOT] has finished in [140] ms
25-Feb-2026 12:10:29.009 INFO [main] org.apache.coyote.AbstractProtocol.start Starting ProtocolHandler ["http-nio-9999"]
25-Feb-2026 12:10:29.028 INFO [main] org.apache.catalina.startup.Catalina.start Server startup in [1549] milliseconds
25-Feb-2026 12:11:29.168 INFO [Catalina-utility-2] org.apache.catalina.core.StandardContext.reload Reloading Context with name [/hello] has started
25-Feb-2026 12:11:29.385 INFO [Catalina-utility-2] org.apache.jasper.servlet.TldScanner.scanJars At least one JAR was scanned for TLDs yet contained no TLDs. Enable debug logging for this logger for a complete list of JARs that were scanned but no TLDs were found in them. Skipping unneeded JARs during scanning can improve startup time and JSP compilation time.
25-Feb-2026 12:11:29.389 INFO [Catalina-utility-2] org.apache.catalina.core.StandardContext.reload Reloading Context with name [/hello] is completed
25-Feb-2026 12:21:46.381 INFO [Thread-1] org.apache.coyote.AbstractProtocol.pause Pausing ProtocolHandler ["http-nio-9999"]
25-Feb-2026 12:21:46.386 INFO [Thread-1] org.apache.catalina.core.StandardService.stopInternal Stopping service [Catalina]
25-Feb-2026 12:21:46.403 INFO [Thread-1] org.apache.coyote.AbstractProtocol.stop Stopping ProtocolHandler ["http-nio-9999"]
25-Feb-2026 12:21:46.409 INFO [Thread-1] org.apache.coyote.AbstractProtocol.destroy Destroying ProtocolHandler ["http-nio-9999"]
