08-Mar-2026 19:56:35.657 INFO [main] org.apache.catalina.startup.VersionLoggerListener.log Server version name:   Apache Tomcat/10.1.52
08-Mar-2026 19:56:35.660 INFO [main] org.apache.catalina.startup.VersionLoggerListener.log Server built:          Jan 23 2026 19:29:07 UTC
08-Mar-2026 19:56:35.663 INFO [main] org.apache.catalina.startup.VersionLoggerListener.log Server version number: 10.1.52.0
08-Mar-2026 19:56:35.663 INFO [main] org.apache.catalina.startup.VersionLoggerListener.log OS Name:               Windows 11
08-Mar-2026 19:56:35.663 INFO [main] org.apache.catalina.startup.VersionLoggerListener.log OS Version:            10.0
08-Mar-2026 19:56:35.664 INFO [main] org.apache.catalina.startup.VersionLoggerListener.log Architecture:          amd64
08-Mar-2026 19:56:35.665 INFO [main] org.apache.catalina.startup.VersionLoggerListener.log Java Home:             D:\jdk-25
08-Mar-2026 19:56:35.665 INFO [main] org.apache.catalina.startup.VersionLoggerListener.log JVM Version:           25.0.2+10-LTS-69
08-Mar-2026 19:56:35.666 INFO [main] org.apache.catalina.startup.VersionLoggerListener.log JVM Vendor:            Oracle Corporation
08-Mar-2026 19:56:35.666 INFO [main] org.apache.catalina.startup.VersionLoggerListener.log CATALINA_BASE:         C:\Users\ASUS\Desktop\Hoctap\IM2073WebProject\tomcat
08-Mar-2026 19:56:35.666 INFO [main] org.apache.catalina.startup.VersionLoggerListener.log CATALINA_HOME:         C:\Users\ASUS\Desktop\Hoctap\IM2073WebProject\tomcat
08-Mar-2026 19:56:35.746 INFO [main] org.apache.catalina.startup.VersionLoggerListener.log Command line argument: -Djava.util.logging.config.file=C:\Users\ASUS\Desktop\Hoctap\IM2073WebProject\tomcat\conf\logging.properties
08-Mar-2026 19:56:35.747 INFO [main] org.apache.catalina.startup.VersionLoggerListener.log Command line argument: -Djava.util.logging.manager=org.apache.juli.ClassLoaderLogManager
08-Mar-2026 19:56:35.748 INFO [main] org.apache.catalina.startup.VersionLoggerListener.log Command line argument: -Djdk.tls.ephemeralDHKeySize=2048
08-Mar-2026 19:56:35.748 INFO [main] org.apache.catalina.startup.VersionLoggerListener.log Command line argument: -Djava.protocol.handler.pkgs=org.apache.catalina.webresources
08-Mar-2026 19:56:35.749 INFO [main] org.apache.catalina.startup.VersionLoggerListener.log Command line argument: -Dsun.io.useCanonCaches=false
08-Mar-2026 19:56:35.749 INFO [main] org.apache.catalina.startup.VersionLoggerListener.log Command line argument: --add-opens=java.base/java.lang=ALL-UNNAMED
08-Mar-2026 19:56:35.749 INFO [main] org.apache.catalina.startup.VersionLoggerListener.log Command line argument: --add-opens=java.base/java.lang.reflect=ALL-UNNAMED
08-Mar-2026 19:56:35.750 INFO [main] org.apache.catalina.startup.VersionLoggerListener.log Command line argument: --add-opens=java.base/java.io=ALL-UNNAMED
08-Mar-2026 19:56:35.750 INFO [main] org.apache.catalina.startup.VersionLoggerListener.log Command line argument: --add-opens=java.base/java.util=ALL-UNNAMED
08-Mar-2026 19:56:35.750 INFO [main] org.apache.catalina.startup.VersionLoggerListener.log Command line argument: --add-opens=java.base/java.util.concurrent=ALL-UNNAMED
08-Mar-2026 19:56:35.751 INFO [main] org.apache.catalina.startup.VersionLoggerListener.log Command line argument: --add-opens=java.rmi/sun.rmi.transport=ALL-UNNAMED
08-Mar-2026 19:56:35.751 INFO [main] org.apache.catalina.startup.VersionLoggerListener.log Command line argument: -Dcatalina.base=C:\Users\ASUS\Desktop\Hoctap\IM2073WebProject\tomcat
08-Mar-2026 19:56:35.751 INFO [main] org.apache.catalina.startup.VersionLoggerListener.log Command line argument: -Dcatalina.home=C:\Users\ASUS\Desktop\Hoctap\IM2073WebProject\tomcat
08-Mar-2026 19:56:35.752 INFO [main] org.apache.catalina.startup.VersionLoggerListener.log Command line argument: -Djava.io.tmpdir=C:\Users\ASUS\Desktop\Hoctap\IM2073WebProject\tomcat\temp
08-Mar-2026 19:56:35.767 INFO [main] org.apache.catalina.core.AprLifecycleListener.lifecycleEvent The Apache Tomcat Native library which allows using OpenSSL was not found on the java.library.path: [D:\jdk-25\bin;C:\WINDOWS\Sun\Java\bin;C:\WINDOWS\system32;C:\WINDOWS;C:\Program Files\PlasticSCM5\server;C:\Program Files\PlasticSCM5\client;C:\Program Files\Common Files\Oracle\Java\javapath;C:\Program Files\Eclipse Adoptium\jdk-17.0.13.11-hotspot\bin;C:\Windows\system32;C:\Windows;C:\Windows\System32\Wbem;C:\Windows\System32\WindowsPowerShell\v1.0\;C:\Windows\System32\OpenSSH\;C:\Program Files (x86)\NVIDIA Corporation\PhysX\Common;C:\Program Files\NVIDIA Corporation\NVIDIA NvDLISR;C:\Program Files\dotnet\;D:\Python 3;D:\Python 3\Scripts;C:\Program Files\PuTTY\;C:\WINDOWS\system32;C:\WINDOWS;C:\WINDOWS\System32\Wbem;C:\WINDOWS\System32\WindowsPowerShell\v1.0\;C:\WINDOWS\System32\OpenSSH\;C:\Program Files (x86)\Windows Kits\10\Windows Performance Toolkit\;D:\Git\Git\cmd;%NVM_HOME%;%NVM_SYMLINK%;C:\Users\ASUS\AppData\Local\Microsoft\WindowsApps;C:\msys64\ucrt64\bin;C:\Users\ASUS\AppData\Local\Programs\Microsoft VS Code\bin;D:\Pycharm\PyCharm 2024.2.1\bin;;C:\Program Files\cmake-4.2.1-windows-x86_64\bin;D:\jdk-25\bin;C:\Users\ASUS\AppData\Roaming\npm;C:\Users\ASUS\.dotnet\tools;C:\Users\ASUS\AppData\Local\GitHubDesktop\bin;D:\Git\Git\bin;C:\Users\ASUS\AppData\Local\nvm;C:\nvm4w\nodejs;.]
08-Mar-2026 19:56:36.153 INFO [main] org.apache.coyote.AbstractProtocol.init Initializing ProtocolHandler ["http-nio-9999"]
08-Mar-2026 19:56:36.214 INFO [main] org.apache.catalina.startup.Catalina.load Server initialization in [828] milliseconds
08-Mar-2026 19:56:36.281 INFO [main] org.apache.catalina.core.StandardService.startInternal Starting service [Catalina]
08-Mar-2026 19:56:36.281 INFO [main] org.apache.catalina.core.StandardEngine.startInternal Starting Servlet engine: [Apache Tomcat/10.1.52]
08-Mar-2026 19:56:36.293 INFO [main] org.apache.catalina.startup.HostConfig.deployDirectory Deploying web application directory [C:\Users\ASUS\Desktop\Hoctap\IM2073WebProject\tomcat\webapps\docs]
08-Mar-2026 19:56:37.179 INFO [main] org.apache.jasper.servlet.TldScanner.scanJars At least one JAR was scanned for TLDs yet contained no TLDs. Enable debug logging for this logger for a complete list of JARs that were scanned but no TLDs were found in them. Skipping unneeded JARs during scanning can improve startup time and JSP compilation time.
08-Mar-2026 19:56:37.265 INFO [main] org.apache.catalina.startup.HostConfig.deployDirectory Deployment of web application directory [C:\Users\ASUS\Desktop\Hoctap\IM2073WebProject\tomcat\webapps\docs] has finished in [969] ms
08-Mar-2026 19:56:37.267 INFO [main] org.apache.catalina.startup.HostConfig.deployDirectory Deploying web application directory [C:\Users\ASUS\Desktop\Hoctap\IM2073WebProject\tomcat\webapps\examples]
08-Mar-2026 19:56:43.050 INFO [main] org.apache.jasper.servlet.TldScanner.scanJars At least one JAR was scanned for TLDs yet contained no TLDs. Enable debug logging for this logger for a complete list of JARs that were scanned but no TLDs were found in them. Skipping unneeded JARs during scanning can improve startup time and JSP compilation time.
08-Mar-2026 19:56:43.523 INFO [main] org.apache.catalina.startup.HostConfig.deployDirectory Deployment of web application directory [C:\Users\ASUS\Desktop\Hoctap\IM2073WebProject\tomcat\webapps\examples] has finished in [6,255] ms
08-Mar-2026 19:56:43.523 INFO [main] org.apache.catalina.startup.HostConfig.deployDirectory Deploying web application directory [C:\Users\ASUS\Desktop\Hoctap\IM2073WebProject\tomcat\webapps\hello]
08-Mar-2026 19:56:45.068 INFO [main] org.apache.jasper.servlet.TldScanner.scanJars At least one JAR was scanned for TLDs yet contained no TLDs. Enable debug logging for this logger for a complete list of JARs that were scanned but no TLDs were found in them. Skipping unneeded JARs during scanning can improve startup time and JSP compilation time.
08-Mar-2026 19:56:45.122 INFO [main] org.apache.catalina.startup.HostConfig.deployDirectory Deployment of web application directory [C:\Users\ASUS\Desktop\Hoctap\IM2073WebProject\tomcat\webapps\hello] has finished in [1,597] ms
08-Mar-2026 19:56:45.123 INFO [main] org.apache.catalina.startup.HostConfig.deployDirectory Deploying web application directory [C:\Users\ASUS\Desktop\Hoctap\IM2073WebProject\tomcat\webapps\host-manager]
08-Mar-2026 19:56:46.242 INFO [main] org.apache.jasper.servlet.TldScanner.scanJars At least one JAR was scanned for TLDs yet contained no TLDs. Enable debug logging for this logger for a complete list of JARs that were scanned but no TLDs were found in them. Skipping unneeded JARs during scanning can improve startup time and JSP compilation time.
08-Mar-2026 19:56:46.271 INFO [main] org.apache.catalina.startup.HostConfig.deployDirectory Deployment of web application directory [C:\Users\ASUS\Desktop\Hoctap\IM2073WebProject\tomcat\webapps\host-manager] has finished in [1,147] ms
08-Mar-2026 19:56:46.273 INFO [main] org.apache.catalina.startup.HostConfig.deployDirectory Deploying web application directory [C:\Users\ASUS\Desktop\Hoctap\IM2073WebProject\tomcat\webapps\manager]
08-Mar-2026 19:56:47.577 INFO [main] org.apache.jasper.servlet.TldScanner.scanJars At least one JAR was scanned for TLDs yet contained no TLDs. Enable debug logging for this logger for a complete list of JARs that were scanned but no TLDs were found in them. Skipping unneeded JARs during scanning can improve startup time and JSP compilation time.
08-Mar-2026 19:56:47.595 INFO [main] org.apache.catalina.startup.HostConfig.deployDirectory Deployment of web application directory [C:\Users\ASUS\Desktop\Hoctap\IM2073WebProject\tomcat\webapps\manager] has finished in [1,322] ms
08-Mar-2026 19:56:47.598 INFO [main] org.apache.catalina.startup.HostConfig.deployDirectory Deploying web application directory [C:\Users\ASUS\Desktop\Hoctap\IM2073WebProject\tomcat\webapps\ROOT]
08-Mar-2026 19:56:48.069 INFO [main] org.apache.jasper.servlet.TldScanner.scanJars At least one JAR was scanned for TLDs yet contained no TLDs. Enable debug logging for this logger for a complete list of JARs that were scanned but no TLDs were found in them. Skipping unneeded JARs during scanning can improve startup time and JSP compilation time.
08-Mar-2026 19:56:48.073 INFO [main] org.apache.catalina.startup.HostConfig.deployDirectory Deployment of web application directory [C:\Users\ASUS\Desktop\Hoctap\IM2073WebProject\tomcat\webapps\ROOT] has finished in [475] ms
08-Mar-2026 19:56:48.076 INFO [main] org.apache.coyote.AbstractProtocol.start Starting ProtocolHandler ["http-nio-9999"]
08-Mar-2026 19:56:48.136 INFO [main] org.apache.catalina.startup.Catalina.start Server startup in [11920] milliseconds
08-Mar-2026 22:19:54.837 INFO [Thread-1] org.apache.coyote.AbstractProtocol.pause Pausing ProtocolHandler ["http-nio-9999"]
08-Mar-2026 22:19:54.899 INFO [Thread-1] org.apache.catalina.core.StandardService.stopInternal Stopping service [Catalina]
08-Mar-2026 22:19:54.953 INFO [Thread-1] org.apache.coyote.AbstractProtocol.stop Stopping ProtocolHandler ["http-nio-9999"]
08-Mar-2026 22:19:54.968 INFO [Thread-1] org.apache.coyote.AbstractProtocol.destroy Destroying ProtocolHandler ["http-nio-9999"]
08-Mar-2026 23:23:45.860 INFO [main] org.apache.catalina.startup.VersionLoggerListener.log Server version name:   Apache Tomcat/10.1.52
08-Mar-2026 23:23:45.862 INFO [main] org.apache.catalina.startup.VersionLoggerListener.log Server built:          Jan 23 2026 19:29:07 UTC
08-Mar-2026 23:23:45.863 INFO [main] org.apache.catalina.startup.VersionLoggerListener.log Server version number: 10.1.52.0
08-Mar-2026 23:23:45.863 INFO [main] org.apache.catalina.startup.VersionLoggerListener.log OS Name:               Windows 11
08-Mar-2026 23:23:45.863 INFO [main] org.apache.catalina.startup.VersionLoggerListener.log OS Version:            10.0
08-Mar-2026 23:23:45.863 INFO [main] org.apache.catalina.startup.VersionLoggerListener.log Architecture:          amd64
08-Mar-2026 23:23:45.863 INFO [main] org.apache.catalina.startup.VersionLoggerListener.log Java Home:             D:\jdk-25
08-Mar-2026 23:23:45.864 INFO [main] org.apache.catalina.startup.VersionLoggerListener.log JVM Version:           25.0.2+10-LTS-69
08-Mar-2026 23:23:45.864 INFO [main] org.apache.catalina.startup.VersionLoggerListener.log JVM Vendor:            Oracle Corporation
08-Mar-2026 23:23:45.864 INFO [main] org.apache.catalina.startup.VersionLoggerListener.log CATALINA_BASE:         C:\Users\ASUS\Desktop\Hoctap\IM2073WebProject\tomcat
08-Mar-2026 23:23:45.864 INFO [main] org.apache.catalina.startup.VersionLoggerListener.log CATALINA_HOME:         C:\Users\ASUS\Desktop\Hoctap\IM2073WebProject\tomcat
08-Mar-2026 23:23:45.881 INFO [main] org.apache.catalina.startup.VersionLoggerListener.log Command line argument: -Djava.util.logging.config.file=C:\Users\ASUS\Desktop\Hoctap\IM2073WebProject\tomcat\conf\logging.properties
08-Mar-2026 23:23:45.881 INFO [main] org.apache.catalina.startup.VersionLoggerListener.log Command line argument: -Djava.util.logging.manager=org.apache.juli.ClassLoaderLogManager
08-Mar-2026 23:23:45.881 INFO [main] org.apache.catalina.startup.VersionLoggerListener.log Command line argument: -Djdk.tls.ephemeralDHKeySize=2048
08-Mar-2026 23:23:45.881 INFO [main] org.apache.catalina.startup.VersionLoggerListener.log Command line argument: -Djava.protocol.handler.pkgs=org.apache.catalina.webresources
08-Mar-2026 23:23:45.882 INFO [main] org.apache.catalina.startup.VersionLoggerListener.log Command line argument: -Dsun.io.useCanonCaches=false
08-Mar-2026 23:23:45.882 INFO [main] org.apache.catalina.startup.VersionLoggerListener.log Command line argument: --add-opens=java.base/java.lang=ALL-UNNAMED
08-Mar-2026 23:23:45.882 INFO [main] org.apache.catalina.startup.VersionLoggerListener.log Command line argument: --add-opens=java.base/java.lang.reflect=ALL-UNNAMED
08-Mar-2026 23:23:45.882 INFO [main] org.apache.catalina.startup.VersionLoggerListener.log Command line argument: --add-opens=java.base/java.io=ALL-UNNAMED
08-Mar-2026 23:23:45.883 INFO [main] org.apache.catalina.startup.VersionLoggerListener.log Command line argument: --add-opens=java.base/java.util=ALL-UNNAMED
08-Mar-2026 23:23:45.883 INFO [main] org.apache.catalina.startup.VersionLoggerListener.log Command line argument: --add-opens=java.base/java.util.concurrent=ALL-UNNAMED
08-Mar-2026 23:23:45.883 INFO [main] org.apache.catalina.startup.VersionLoggerListener.log Command line argument: --add-opens=java.rmi/sun.rmi.transport=ALL-UNNAMED
08-Mar-2026 23:23:45.883 INFO [main] org.apache.catalina.startup.VersionLoggerListener.log Command line argument: -Dcatalina.base=C:\Users\ASUS\Desktop\Hoctap\IM2073WebProject\tomcat
08-Mar-2026 23:23:45.883 INFO [main] org.apache.catalina.startup.VersionLoggerListener.log Command line argument: -Dcatalina.home=C:\Users\ASUS\Desktop\Hoctap\IM2073WebProject\tomcat
08-Mar-2026 23:23:45.884 INFO [main] org.apache.catalina.startup.VersionLoggerListener.log Command line argument: -Djava.io.tmpdir=C:\Users\ASUS\Desktop\Hoctap\IM2073WebProject\tomcat\temp
08-Mar-2026 23:23:45.896 INFO [main] org.apache.catalina.core.AprLifecycleListener.lifecycleEvent The Apache Tomcat Native library which allows using OpenSSL was not found on the java.library.path: [D:\jdk-25\bin;C:\WINDOWS\Sun\Java\bin;C:\WINDOWS\system32;C:\WINDOWS;C:\Program Files\PlasticSCM5\server;C:\Program Files\PlasticSCM5\client;C:\Program Files\Common Files\Oracle\Java\javapath;C:\Program Files\Eclipse Adoptium\jdk-17.0.13.11-hotspot\bin;C:\Windows\system32;C:\Windows;C:\Windows\System32\Wbem;C:\Windows\System32\WindowsPowerShell\v1.0\;C:\Windows\System32\OpenSSH\;C:\Program Files (x86)\NVIDIA Corporation\PhysX\Common;C:\Program Files\NVIDIA Corporation\NVIDIA NvDLISR;C:\Program Files\dotnet\;D:\Python 3;D:\Python 3\Scripts;C:\Program Files\PuTTY\;C:\WINDOWS\system32;C:\WINDOWS;C:\WINDOWS\System32\Wbem;C:\WINDOWS\System32\WindowsPowerShell\v1.0\;C:\WINDOWS\System32\OpenSSH\;C:\Program Files (x86)\Windows Kits\10\Windows Performance Toolkit\;D:\Git\Git\cmd;%NVM_HOME%;%NVM_SYMLINK%;C:\Users\ASUS\AppData\Local\Microsoft\WindowsApps;C:\msys64\ucrt64\bin;C:\Users\ASUS\AppData\Local\Programs\Microsoft VS Code\bin;D:\Pycharm\PyCharm 2024.2.1\bin;;C:\Program Files\cmake-4.2.1-windows-x86_64\bin;D:\jdk-25\bin;C:\Users\ASUS\AppData\Roaming\npm;C:\Users\ASUS\.dotnet\tools;C:\Users\ASUS\AppData\Local\GitHubDesktop\bin;D:\Git\Git\bin;C:\Users\ASUS\AppData\Local\nvm;C:\nvm4w\nodejs;.]
08-Mar-2026 23:23:46.139 INFO [main] org.apache.coyote.AbstractProtocol.init Initializing ProtocolHandler ["http-nio-9999"]
08-Mar-2026 23:23:46.162 INFO [main] org.apache.catalina.startup.Catalina.load Server initialization in [502] milliseconds
08-Mar-2026 23:23:46.206 INFO [main] org.apache.catalina.core.StandardService.startInternal Starting service [Catalina]
08-Mar-2026 23:23:46.207 INFO [main] org.apache.catalina.core.StandardEngine.startInternal Starting Servlet engine: [Apache Tomcat/10.1.52]
08-Mar-2026 23:23:46.217 INFO [main] org.apache.catalina.startup.HostConfig.deployDirectory Deploying web application directory [C:\Users\ASUS\Desktop\Hoctap\IM2073WebProject\tomcat\webapps\docs]
08-Mar-2026 23:23:46.818 INFO [main] org.apache.jasper.servlet.TldScanner.scanJars At least one JAR was scanned for TLDs yet contained no TLDs. Enable debug logging for this logger for a complete list of JARs that were scanned but no TLDs were found in them. Skipping unneeded JARs during scanning can improve startup time and JSP compilation time.
08-Mar-2026 23:23:46.884 INFO [main] org.apache.catalina.startup.HostConfig.deployDirectory Deployment of web application directory [C:\Users\ASUS\Desktop\Hoctap\IM2073WebProject\tomcat\webapps\docs] has finished in [666] ms
08-Mar-2026 23:23:46.885 INFO [main] org.apache.catalina.startup.HostConfig.deployDirectory Deploying web application directory [C:\Users\ASUS\Desktop\Hoctap\IM2073WebProject\tomcat\webapps\examples]
08-Mar-2026 23:23:47.729 INFO [main] org.apache.jasper.servlet.TldScanner.scanJars At least one JAR was scanned for TLDs yet contained no TLDs. Enable debug logging for this logger for a complete list of JARs that were scanned but no TLDs were found in them. Skipping unneeded JARs during scanning can improve startup time and JSP compilation time.
08-Mar-2026 23:23:47.829 INFO [main] org.apache.catalina.startup.HostConfig.deployDirectory Deployment of web application directory [C:\Users\ASUS\Desktop\Hoctap\IM2073WebProject\tomcat\webapps\examples] has finished in [944] ms
08-Mar-2026 23:23:47.830 INFO [main] org.apache.catalina.startup.HostConfig.deployDirectory Deploying web application directory [C:\Users\ASUS\Desktop\Hoctap\IM2073WebProject\tomcat\webapps\hello]
08-Mar-2026 23:23:48.216 INFO [main] org.apache.jasper.servlet.TldScanner.scanJars At least one JAR was scanned for TLDs yet contained no TLDs. Enable debug logging for this logger for a complete list of JARs that were scanned but no TLDs were found in them. Skipping unneeded JARs during scanning can improve startup time and JSP compilation time.
08-Mar-2026 23:23:48.224 INFO [main] org.apache.catalina.startup.HostConfig.deployDirectory Deployment of web application directory [C:\Users\ASUS\Desktop\Hoctap\IM2073WebProject\tomcat\webapps\hello] has finished in [394] ms
08-Mar-2026 23:23:48.225 INFO [main] org.apache.catalina.startup.HostConfig.deployDirectory Deploying web application directory [C:\Users\ASUS\Desktop\Hoctap\IM2073WebProject\tomcat\webapps\host-manager]
08-Mar-2026 23:23:48.494 INFO [main] org.apache.jasper.servlet.TldScanner.scanJars At least one JAR was scanned for TLDs yet contained no TLDs. Enable debug logging for this logger for a complete list of JARs that were scanned but no TLDs were found in them. Skipping unneeded JARs during scanning can improve startup time and JSP compilation time.
08-Mar-2026 23:23:48.503 INFO [main] org.apache.catalina.startup.HostConfig.deployDirectory Deployment of web application directory [C:\Users\ASUS\Desktop\Hoctap\IM2073WebProject\tomcat\webapps\host-manager] has finished in [278] ms
08-Mar-2026 23:23:48.504 INFO [main] org.apache.catalina.startup.HostConfig.deployDirectory Deploying web application directory [C:\Users\ASUS\Desktop\Hoctap\IM2073WebProject\tomcat\webapps\manager]
08-Mar-2026 23:23:48.766 INFO [main] org.apache.jasper.servlet.TldScanner.scanJars At least one JAR was scanned for TLDs yet contained no TLDs. Enable debug logging for this logger for a complete list of JARs that were scanned but no TLDs were found in them. Skipping unneeded JARs during scanning can improve startup time and JSP compilation time.
08-Mar-2026 23:23:48.773 INFO [main] org.apache.catalina.startup.HostConfig.deployDirectory Deployment of web application directory [C:\Users\ASUS\Desktop\Hoctap\IM2073WebProject\tomcat\webapps\manager] has finished in [269] ms
08-Mar-2026 23:23:48.774 INFO [main] org.apache.catalina.startup.HostConfig.deployDirectory Deploying web application directory [C:\Users\ASUS\Desktop\Hoctap\IM2073WebProject\tomcat\webapps\ROOT]
08-Mar-2026 23:23:49.044 INFO [main] org.apache.jasper.servlet.TldScanner.scanJars At least one JAR was scanned for TLDs yet contained no TLDs. Enable debug logging for this logger for a complete list of JARs that were scanned but no TLDs were found in them. Skipping unneeded JARs during scanning can improve startup time and JSP compilation time.
08-Mar-2026 23:23:49.050 INFO [main] org.apache.catalina.startup.HostConfig.deployDirectory Deployment of web application directory [C:\Users\ASUS\Desktop\Hoctap\IM2073WebProject\tomcat\webapps\ROOT] has finished in [276] ms
08-Mar-2026 23:23:49.051 INFO [main] org.apache.coyote.AbstractProtocol.start Starting ProtocolHandler ["http-nio-9999"]
08-Mar-2026 23:23:49.083 INFO [main] org.apache.catalina.startup.Catalina.start Server startup in [2919] milliseconds
