14-Mar-2026 00:45:26.726 INFO [main] org.apache.catalina.core.ApplicationContext.log ContextListener: contextInitialized()
14-Mar-2026 00:45:26.727 INFO [main] org.apache.catalina.core.ApplicationContext.log SessionListener: contextInitialized()
14-Mar-2026 00:45:26.734 INFO [main] org.apache.catalina.core.ApplicationContext.log ContextListener: attributeAdded('StockTicker', 'async.Stockticker@30bcf3c1')
14-Mar-2026 00:58:14.216 INFO [Thread-1] org.apache.catalina.core.ApplicationContext.log SessionListener: contextDestroyed()
14-Mar-2026 00:58:14.216 INFO [Thread-1] org.apache.catalina.core.ApplicationContext.log ContextListener: contextDestroyed()
14-Mar-2026 14:21:47.131 INFO [main] org.apache.catalina.core.ApplicationContext.log ContextListener: contextInitialized()
14-Mar-2026 14:21:47.131 INFO [main] org.apache.catalina.core.ApplicationContext.log SessionListener: contextInitialized()
14-Mar-2026 14:21:47.136 INFO [main] org.apache.catalina.core.ApplicationContext.log ContextListener: attributeAdded('StockTicker', 'async.Stockticker@30bcf3c1')
14-Mar-2026 15:20:52.775 INFO [Thread-1] org.apache.catalina.core.ApplicationContext.log SessionListener: contextDestroyed()
14-Mar-2026 15:20:52.775 INFO [Thread-1] org.apache.catalina.core.ApplicationContext.log ContextListener: contextDestroyed()
14-Mar-2026 15:48:01.818 INFO [main] org.apache.catalina.core.ApplicationContext.log ContextListener: contextInitialized()
14-Mar-2026 15:48:01.819 INFO [main] org.apache.catalina.core.ApplicationContext.log SessionListener: contextInitialized()
14-Mar-2026 15:48:01.828 INFO [main] org.apache.catalina.core.ApplicationContext.log ContextListener: attributeAdded('StockTicker', 'async.Stockticker@2a3c96e3')
14-Mar-2026 18:19:19.853 INFO [Thread-1] org.apache.catalina.core.ApplicationContext.log SessionListener: contextDestroyed()
14-Mar-2026 18:19:19.853 INFO [Thread-1] org.apache.catalina.core.ApplicationContext.log ContextListener: contextDestroyed()
14-Mar-2026 18:19:25.690 INFO [main] org.apache.catalina.core.ApplicationContext.log ContextListener: contextInitialized()
14-Mar-2026 18:19:25.690 INFO [main] org.apache.catalina.core.ApplicationContext.log SessionListener: contextInitialized()
14-Mar-2026 18:19:25.694 INFO [main] org.apache.catalina.core.ApplicationContext.log ContextListener: attributeAdded('StockTicker', 'async.Stockticker@67ab1c47')
14-Mar-2026 18:55:32.458 INFO [main] org.apache.catalina.core.ApplicationContext.log ContextListener: contextInitialized()
14-Mar-2026 18:55:32.458 INFO [main] org.apache.catalina.core.ApplicationContext.log SessionListener: contextInitialized()
14-Mar-2026 18:55:32.461 INFO [main] org.apache.catalina.core.ApplicationContext.log ContextListener: attributeAdded('StockTicker', 'async.Stockticker@2a3c96e3')
14-Mar-2026 19:11:17.749 INFO [Thread-1] org.apache.catalina.core.ApplicationContext.log SessionListener: contextDestroyed()
14-Mar-2026 19:11:17.749 INFO [Thread-1] org.apache.catalina.core.ApplicationContext.log ContextListener: contextDestroyed()
