25-Feb-2026 09:49:13.466 INFO [main] org.apache.catalina.core.ApplicationContext.log ContextListener: contextInitialized()
25-Feb-2026 09:49:13.466 INFO [main] org.apache.catalina.core.ApplicationContext.log SessionListener: contextInitialized()
25-Feb-2026 09:49:13.468 INFO [main] org.apache.catalina.core.ApplicationContext.log ContextListener: attributeAdded('StockTicker', 'async.Stockticker@65b3a85a')
25-Feb-2026 09:53:03.124 INFO [Thread-1] org.apache.catalina.core.ApplicationContext.log SessionListener: contextDestroyed()
25-Feb-2026 09:53:03.124 INFO [Thread-1] org.apache.catalina.core.ApplicationContext.log ContextListener: contextDestroyed()
25-Feb-2026 11:06:02.535 INFO [main] org.apache.catalina.core.ApplicationContext.log ContextListener: contextInitialized()
25-Feb-2026 11:06:02.535 INFO [main] org.apache.catalina.core.ApplicationContext.log SessionListener: contextInitialized()
25-Feb-2026 11:06:02.537 INFO [main] org.apache.catalina.core.ApplicationContext.log ContextListener: attributeAdded('StockTicker', 'async.Stockticker@65b3a85a')
25-Feb-2026 11:35:25.017 INFO [Thread-1] org.apache.catalina.core.ApplicationContext.log SessionListener: contextDestroyed()
25-Feb-2026 11:35:25.017 INFO [Thread-1] org.apache.catalina.core.ApplicationContext.log ContextListener: contextDestroyed()
25-Feb-2026 11:35:44.400 INFO [main] org.apache.catalina.core.ApplicationContext.log ContextListener: contextInitialized()
25-Feb-2026 11:35:44.400 INFO [main] org.apache.catalina.core.ApplicationContext.log SessionListener: contextInitialized()
25-Feb-2026 11:35:44.402 INFO [main] org.apache.catalina.core.ApplicationContext.log ContextListener: attributeAdded('StockTicker', 'async.Stockticker@21baa903')
25-Feb-2026 11:49:43.400 INFO [Thread-1] org.apache.catalina.core.ApplicationContext.log SessionListener: contextDestroyed()
25-Feb-2026 11:49:43.400 INFO [Thread-1] org.apache.catalina.core.ApplicationContext.log ContextListener: contextDestroyed()
25-Feb-2026 11:50:46.806 INFO [main] org.apache.catalina.core.ApplicationContext.log ContextListener: contextInitialized()
25-Feb-2026 11:50:46.806 INFO [main] org.apache.catalina.core.ApplicationContext.log SessionListener: contextInitialized()
25-Feb-2026 11:50:46.808 INFO [main] org.apache.catalina.core.ApplicationContext.log ContextListener: attributeAdded('StockTicker', 'async.Stockticker@2cae1042')
25-Feb-2026 12:09:45.694 INFO [Thread-1] org.apache.catalina.core.ApplicationContext.log SessionListener: contextDestroyed()
25-Feb-2026 12:09:45.694 INFO [Thread-1] org.apache.catalina.core.ApplicationContext.log ContextListener: contextDestroyed()
25-Feb-2026 12:10:28.347 INFO [main] org.apache.catalina.core.ApplicationContext.log ContextListener: contextInitialized()
25-Feb-2026 12:10:28.348 INFO [main] org.apache.catalina.core.ApplicationContext.log SessionListener: contextInitialized()
25-Feb-2026 12:10:28.349 INFO [main] org.apache.catalina.core.ApplicationContext.log ContextListener: attributeAdded('StockTicker', 'async.Stockticker@53d1b9b3')
25-Feb-2026 12:21:46.392 INFO [Thread-1] org.apache.catalina.core.ApplicationContext.log SessionListener: contextDestroyed()
25-Feb-2026 12:21:46.392 INFO [Thread-1] org.apache.catalina.core.ApplicationContext.log ContextListener: contextDestroyed()
