13-Mar-2026 20:28:01.755 INFO [main] org.apache.catalina.core.ApplicationContext.log ContextListener: contextInitialized()
13-Mar-2026 20:28:01.755 INFO [main] org.apache.catalina.core.ApplicationContext.log SessionListener: contextInitialized()
13-Mar-2026 20:28:01.757 INFO [main] org.apache.catalina.core.ApplicationContext.log ContextListener: attributeAdded('StockTicker', 'async.Stockticker@3b220bcb')
13-Mar-2026 20:28:05.351 INFO [Thread-1] org.apache.catalina.core.ApplicationContext.log SessionListener: contextDestroyed()
13-Mar-2026 20:28:05.351 INFO [Thread-1] org.apache.catalina.core.ApplicationContext.log ContextListener: contextDestroyed()
13-Mar-2026 20:35:24.382 INFO [main] org.apache.catalina.core.ApplicationContext.log ContextListener: contextInitialized()
13-Mar-2026 20:35:24.382 INFO [main] org.apache.catalina.core.ApplicationContext.log SessionListener: contextInitialized()
13-Mar-2026 20:35:24.383 INFO [main] org.apache.catalina.core.ApplicationContext.log ContextListener: attributeAdded('StockTicker', 'async.Stockticker@2b95e48b')
13-Mar-2026 20:36:12.450 INFO [Thread-1] org.apache.catalina.core.ApplicationContext.log SessionListener: contextDestroyed()
13-Mar-2026 20:36:12.450 INFO [Thread-1] org.apache.catalina.core.ApplicationContext.log ContextListener: contextDestroyed()
13-Mar-2026 20:39:42.496 INFO [main] org.apache.catalina.core.ApplicationContext.log ContextListener: contextInitialized()
13-Mar-2026 20:39:42.496 INFO [main] org.apache.catalina.core.ApplicationContext.log SessionListener: contextInitialized()
13-Mar-2026 20:39:42.497 INFO [main] org.apache.catalina.core.ApplicationContext.log ContextListener: attributeAdded('StockTicker', 'async.Stockticker@f73dcd6')
13-Mar-2026 20:40:29.078 INFO [Thread-1] org.apache.catalina.core.ApplicationContext.log SessionListener: contextDestroyed()
13-Mar-2026 20:40:29.078 INFO [Thread-1] org.apache.catalina.core.ApplicationContext.log ContextListener: contextDestroyed()
13-Mar-2026 20:48:46.329 INFO [main] org.apache.catalina.core.ApplicationContext.log ContextListener: contextInitialized()
13-Mar-2026 20:48:46.331 INFO [main] org.apache.catalina.core.ApplicationContext.log SessionListener: contextInitialized()
13-Mar-2026 20:48:46.332 INFO [main] org.apache.catalina.core.ApplicationContext.log ContextListener: attributeAdded('StockTicker', 'async.Stockticker@5c87bfe2')
13-Mar-2026 20:49:29.247 INFO [Thread-1] org.apache.catalina.core.ApplicationContext.log SessionListener: contextDestroyed()
13-Mar-2026 20:49:29.247 INFO [Thread-1] org.apache.catalina.core.ApplicationContext.log ContextListener: contextDestroyed()
13-Mar-2026 20:55:03.865 INFO [main] org.apache.catalina.core.ApplicationContext.log ContextListener: contextInitialized()
13-Mar-2026 20:55:03.865 INFO [main] org.apache.catalina.core.ApplicationContext.log SessionListener: contextInitialized()
13-Mar-2026 20:55:03.868 INFO [main] org.apache.catalina.core.ApplicationContext.log ContextListener: attributeAdded('StockTicker', 'async.Stockticker@3dddefd8')
13-Mar-2026 20:55:35.514 INFO [Thread-1] org.apache.catalina.core.ApplicationContext.log SessionListener: contextDestroyed()
13-Mar-2026 20:55:35.514 INFO [Thread-1] org.apache.catalina.core.ApplicationContext.log ContextListener: contextDestroyed()
